2024-04-13 17:18:43,767 [INFO] Activator:176 - 


2024-04-13 17:18:43,798 [INFO] Activator:177 - !SESSION log4j initialized
2024-04-13 17:18:46,143 [INFO] LogOutputStream:77 - [STDOUT_REDIRECT] 
2024-04-13 17:18:47,502 [INFO] ApplicationProperties:184 - Using Application install path: C:\ST\STM32CubeIDE_1.13.1\STM32CubeIDE\plugins\com.st.stm32cube.common.mx_6.11.0.202403141607
2024-04-13 17:18:47,522 [INFO] DbMcusXml:78 - Set database path to: C:\ST\STM32CubeIDE_1.13.1\STM32CubeIDE\plugins\com.st.stm32cube.common.mx_6.11.0.202403141607\\db\/mcu/
2024-04-13 17:18:47,524 [INFO] ApiDb:274 - Set plugin database path to: C:\ST\STM32CubeIDE_1.13.1\STM32CubeIDE\plugins\com.st.stm32cube.common.mx_6.11.0.202403141607\\db\/plugins/boardmanager/
2024-04-13 17:18:47,525 [WARN] ApiDb:259 - Overriding images path with different value:  => C:\ST\STM32CubeIDE_1.13.1\STM32CubeIDE\plugins\com.st.stm32cube.common.mx_6.11.0.202403141607\\db\/plugins/mcufinder/images/
2024-04-13 17:18:47,531 [INFO] ApiDb:250 - Set database path to: C:\Users\ryfu2\.stmcufinder\plugins\mcufinder//mcu/
2024-04-13 17:18:47,533 [INFO] DbMcusAds:125 - Set database path to: C:\Users\ryfu2\.stmcufinder\plugins\mcufinder//mcu/
2024-04-13 17:18:47,535 [INFO] CrossReferenceDbSqlite:203 - Set database path to: C:\Users\ryfu2\.stmcufinder\plugins\mcufinder//mcu/cs/
2024-04-13 17:18:47,626 [INFO] RulesReader:64 - Compatibility file has been processed (297 Rules)
2024-04-13 17:18:47,709 [INFO] DbMcusXml:78 - Set database path to: C:\ST\STM32CubeIDE_1.13.1\STM32CubeIDE\plugins\com.st.stm32cube.common.mx_6.11.0.202403141607\\db\/mcu/
2024-04-13 17:18:47,711 [INFO] ApiDb:274 - Set plugin database path to: C:\ST\STM32CubeIDE_1.13.1\STM32CubeIDE\plugins\com.st.stm32cube.common.mx_6.11.0.202403141607\\db\/plugins/boardmanager/
2024-04-13 17:18:47,712 [INFO] ApiDb:261 - Set plugin images path to: C:\ST\STM32CubeIDE_1.13.1\STM32CubeIDE\plugins\com.st.stm32cube.common.mx_6.11.0.202403141607\\db\/plugins/mcufinder/images/
2024-04-13 17:18:47,712 [WARN] DbFile:41 - Overriding database path with different value: C:\Users\ryfu2\.stmcufinder\plugins\mcufinder/ => C:\Users\ryfu2\.stmcufinder\plugins\mcufinder
2024-04-13 17:18:47,713 [INFO] ApiDb:250 - Set database path to: C:\Users\ryfu2\.stmcufinder\plugins\mcufinder//mcu/
2024-04-13 17:18:47,713 [WARN] DbFile:41 - Overriding database path with different value: C:\Users\ryfu2\.stmcufinder\plugins\mcufinder/ => C:\Users\ryfu2\.stmcufinder\plugins\mcufinder
2024-04-13 17:18:47,714 [INFO] DbMcusAds:125 - Set database path to: C:\Users\ryfu2\.stmcufinder\plugins\mcufinder//mcu/
2024-04-13 17:18:47,715 [WARN] DbFile:41 - Overriding database path with different value: C:\Users\ryfu2\.stmcufinder\plugins\mcufinder/ => C:\Users\ryfu2\.stmcufinder\plugins\mcufinder
2024-04-13 17:18:47,715 [WARN] DbFile:41 - Overriding database path with different value: C:\Users\ryfu2\.stmcufinder\plugins\mcufinder/ => C:\Users\ryfu2\.stmcufinder\plugins\mcufinder
2024-04-13 17:18:47,716 [INFO] CrossReferenceDbSqlite:203 - Set database path to: C:\Users\ryfu2\.stmcufinder\plugins\mcufinder//mcu/cs/
2024-04-13 17:18:47,776 [INFO] MainPanel:264 - HeapMemory: 268435456
2024-04-13 17:18:47,824 [INFO] DbMcusXml:78 - Set database path to: C:\ST\STM32CubeIDE_1.13.1\STM32CubeIDE\plugins\com.st.stm32cube.common.mx_6.11.0.202403141607\\db\/mcu/
2024-04-13 17:18:47,825 [INFO] ApiDb:274 - Set plugin database path to: C:\ST\STM32CubeIDE_1.13.1\STM32CubeIDE\plugins\com.st.stm32cube.common.mx_6.11.0.202403141607\\db\/plugins/boardmanager/
2024-04-13 17:18:47,826 [INFO] ApiDb:261 - Set plugin images path to: C:\ST\STM32CubeIDE_1.13.1\STM32CubeIDE\plugins\com.st.stm32cube.common.mx_6.11.0.202403141607\\db\/plugins/mcufinder/images/
2024-04-13 17:18:47,826 [WARN] DbFile:41 - Overriding database path with different value: C:\Users\ryfu2\.stmcufinder\plugins\mcufinder/ => C:\Users\ryfu2\.stmcufinder\plugins\mcufinder
2024-04-13 17:18:47,827 [INFO] ApiDb:250 - Set database path to: C:\Users\ryfu2\.stmcufinder\plugins\mcufinder//mcu/
2024-04-13 17:18:47,828 [WARN] DbFile:41 - Overriding database path with different value: C:\Users\ryfu2\.stmcufinder\plugins\mcufinder/ => C:\Users\ryfu2\.stmcufinder\plugins\mcufinder
2024-04-13 17:18:47,828 [INFO] DbMcusAds:125 - Set database path to: C:\Users\ryfu2\.stmcufinder\plugins\mcufinder//mcu/
2024-04-13 17:18:47,829 [WARN] DbFile:41 - Overriding database path with different value: C:\Users\ryfu2\.stmcufinder\plugins\mcufinder/ => C:\Users\ryfu2\.stmcufinder\plugins\mcufinder
2024-04-13 17:18:47,829 [WARN] DbFile:41 - Overriding database path with different value: C:\Users\ryfu2\.stmcufinder\plugins\mcufinder/ => C:\Users\ryfu2\.stmcufinder\plugins\mcufinder
2024-04-13 17:18:47,830 [INFO] CrossReferenceDbSqlite:203 - Set database path to: C:\Users\ryfu2\.stmcufinder\plugins\mcufinder//mcu/cs/
2024-04-13 17:18:47,846 [INFO] ApplicationProperties:184 - Using Application install path: C:\ST\STM32CubeIDE_1.13.1\STM32CubeIDE\plugins\com.st.stm32cube.common.mx_6.11.0.202403141607
2024-04-13 17:18:47,848 [INFO] PluginManage:196 - Search for loadable plugins [exclusion list=, ]
2024-04-13 17:18:47,849 [INFO] PluginManage:310 - Check plugin analytics
2024-04-13 17:18:48,052 [INFO] AnalyticsPlugin:253 - Accepted Software Licenses: 
2024-04-13 17:18:48,053 [INFO] AnalyticsPlugin:255 - Accepted CMSIS Pack Licenses: 
2024-04-13 17:18:48,054 [INFO] AnalyticsPlugin:257 - Accepted Firmware Licenses: 
2024-04-13 17:18:48,059 [INFO] PluginManage:359 - Loaded plugin analytics (category:tool,tabindex:-1)
2024-04-13 17:18:48,061 [INFO] PluginManage:310 - Check plugin cadmodel
2024-04-13 17:18:48,068 [INFO] CADModel:105 - Init CAD model plugin
2024-04-13 17:18:48,069 [INFO] PluginManage:359 - Loaded plugin cadmodel (category:power,tabindex:5)
2024-04-13 17:18:48,070 [INFO] PluginManage:310 - Check plugin clock
2024-04-13 17:18:48,077 [INFO] PluginManage:359 - Loaded plugin clock (category:base,tabindex:2)
2024-04-13 17:18:48,078 [INFO] PluginManage:310 - Check plugin ddr
2024-04-13 17:18:48,081 [INFO] PluginManage:359 - Loaded plugin ddr (category:tool,tabindex:6)
2024-04-13 17:18:48,081 [INFO] PluginManage:310 - Check plugin filemanager
2024-04-13 17:18:48,261 [INFO] PluginManage:359 - Loaded plugin filemanager (category:base,tabindex:10)
2024-04-13 17:18:48,265 [INFO] PluginManage:310 - Check plugin ipmanager
2024-04-13 17:18:48,275 [INFO] PluginManage:359 - Loaded plugin ipmanager (category:base,tabindex:5)
2024-04-13 17:18:48,276 [INFO] PluginManage:310 - Check plugin lpbam
2024-04-13 17:18:48,284 [INFO] PluginManage:359 - Loaded plugin lpbam (category:base,tabindex:0)
2024-04-13 17:18:48,288 [INFO] PluginManage:310 - Check plugin memorymap
2024-04-13 17:18:48,298 [INFO] PluginManage:359 - Loaded plugin memorymap (category:base,tabindex:4)
2024-04-13 17:18:48,299 [INFO] PluginManage:310 - Check plugin pinoutandconfiguration
2024-04-13 17:18:48,314 [INFO] PluginManage:359 - Loaded plugin pinoutandconfiguration (category:base,tabindex:1)
2024-04-13 17:18:48,315 [INFO] PluginManage:310 - Check plugin pinoutconfig
2024-04-13 17:18:48,402 [WARN] SupportedApi:132 - Cannot load RTOS API schema: s4s-elt-must-match.1: The content of 'definitions' must match (annotation?, (simpleType | complexType)?, (unique | key | keyref)*)). A problem was found starting at: attribute.
2024-04-13 17:18:48,498 [INFO] PluginManage:359 - Loaded plugin pinoutconfig (category:base,tabindex:0)
2024-04-13 17:18:48,499 [INFO] PluginManage:310 - Check plugin power
2024-04-13 17:18:48,508 [INFO] PluginManage:359 - Loaded plugin power (category:power,tabindex:4)
2024-04-13 17:18:48,509 [INFO] PluginManage:310 - Check plugin projectmanager
2024-04-13 17:18:48,525 [INFO] PluginManage:359 - Loaded plugin projectmanager (category:projectmanager,tabindex:3)
2024-04-13 17:18:48,526 [INFO] PluginManage:310 - Check plugin thirdparty
2024-04-13 17:18:48,626 [WARN] IntegrityCheckThread:84 - waiting for thirdparty lock release [integrity check]
2024-04-13 17:18:48,627 [INFO] PluginManage:359 - Loaded plugin thirdparty (category:base,tabindex:-1)
2024-04-13 17:18:48,627 [INFO] IntegrityCheckThread:86 - entering critical section [integrity check]
2024-04-13 17:18:48,628 [INFO] PluginManage:310 - Check plugin tools
2024-04-13 17:18:48,629 [INFO] ThirdPartyUpdaterWithRetryManager:70 - Updater plugin not ready yet. [1/15]
2024-04-13 17:18:48,631 [INFO] PluginManage:359 - Loaded plugin tools (category:base,tabindex:7)
2024-04-13 17:18:48,631 [INFO] PluginManage:310 - Check plugin tutovideos
2024-04-13 17:18:48,745 [INFO] PluginManage:359 - Loaded plugin tutovideos (category:base,tabindex:-1)
2024-04-13 17:18:48,746 [INFO] PluginManage:310 - Check plugin updater
2024-04-13 17:18:48,755 [INFO] PluginManage:359 - Loaded plugin updater (category:base,tabindex:12)
2024-04-13 17:18:48,756 [INFO] PluginManage:310 - Check plugin userauth
2024-04-13 17:18:48,760 [INFO] UserAuth:114 - Init User Auth plugin
2024-04-13 17:18:48,761 [INFO] PluginManage:359 - Loaded plugin userauth (category:base,tabindex:14)
2024-04-13 17:18:48,762 [INFO] PluginManage:283 - PluginManage : Loaded plugins [17]
2024-04-13 17:18:48,934 [INFO] PinOutPanel:1561 - setPackage(No Configuration,No Configuration)
2024-04-13 17:18:49,009 [INFO] CADModel:165 - CPN selected for project level
2024-04-13 17:18:49,009 [INFO] CADModel:114 - Register for checkConnection events
2024-04-13 17:18:49,022 [INFO] IPUIPlugin:80 - create IPUIPlugin
2024-04-13 17:18:49,023 [INFO] PluginManager:220 - loadIPPluginJar : add adc
2024-04-13 17:18:49,025 [INFO] IPUIPlugin:80 - create IPUIPlugin
2024-04-13 17:18:49,026 [INFO] PluginManager:220 - loadIPPluginJar : add aes
2024-04-13 17:18:49,028 [INFO] IPUIPlugin:80 - create IPUIPlugin
2024-04-13 17:18:49,029 [INFO] PluginManager:220 - loadIPPluginJar : add can
2024-04-13 17:18:49,031 [INFO] IPUIPlugin:80 - create IPUIPlugin
2024-04-13 17:18:49,031 [INFO] PluginManager:220 - loadIPPluginJar : add comp
2024-04-13 17:18:49,033 [INFO] IPUIPlugin:80 - create IPUIPlugin
2024-04-13 17:18:49,034 [INFO] PluginManager:220 - loadIPPluginJar : add cryp
2024-04-13 17:18:49,036 [INFO] IPUIPlugin:80 - create IPUIPlugin
2024-04-13 17:18:49,037 [INFO] PluginManager:220 - loadIPPluginJar : add dfsdm
2024-04-13 17:18:49,041 [INFO] IPUIPlugin:80 - create IPUIPlugin
2024-04-13 17:18:49,041 [INFO] PluginManager:220 - loadIPPluginJar : add dma
2024-04-13 17:18:49,043 [INFO] IPUIPlugin:80 - create IPUIPlugin
2024-04-13 17:18:49,044 [INFO] PluginManager:220 - loadIPPluginJar : add dma3
2024-04-13 17:18:49,046 [INFO] IPUIPlugin:80 - create IPUIPlugin
2024-04-13 17:18:49,047 [INFO] PluginManager:220 - loadIPPluginJar : add extmemmanager
2024-04-13 17:18:49,048 [INFO] IPUIPlugin:80 - create IPUIPlugin
2024-04-13 17:18:49,049 [INFO] PluginManager:220 - loadIPPluginJar : add fatfs
2024-04-13 17:18:49,052 [INFO] IPUIPlugin:80 - create IPUIPlugin
2024-04-13 17:18:49,053 [INFO] PluginManager:220 - loadIPPluginJar : add fmc
2024-04-13 17:18:49,057 [INFO] IPUIPlugin:80 - create IPUIPlugin
2024-04-13 17:18:49,057 [INFO] PluginManager:220 - loadIPPluginJar : add freertos
2024-04-13 17:18:49,059 [INFO] IPUIPlugin:80 - create IPUIPlugin
2024-04-13 17:18:49,060 [INFO] PluginManager:220 - loadIPPluginJar : add genericplugin
2024-04-13 17:18:49,061 [INFO] IPUIPlugin:80 - create IPUIPlugin
2024-04-13 17:18:49,063 [INFO] PluginManager:220 - loadIPPluginJar : add gfxmmu
2024-04-13 17:18:49,065 [INFO] IPUIPlugin:80 - create IPUIPlugin
2024-04-13 17:18:49,066 [INFO] PluginManager:220 - loadIPPluginJar : add gic
2024-04-13 17:18:49,069 [INFO] IPUIPlugin:80 - create IPUIPlugin
2024-04-13 17:18:49,070 [INFO] PluginManager:220 - loadIPPluginJar : add gpio
2024-04-13 17:18:49,072 [INFO] IPUIPlugin:80 - create IPUIPlugin
2024-04-13 17:18:49,072 [INFO] PluginManager:220 - loadIPPluginJar : add gtzc
2024-04-13 17:18:49,074 [INFO] IPUIPlugin:80 - create IPUIPlugin
2024-04-13 17:18:49,075 [INFO] PluginManager:220 - loadIPPluginJar : add hash
2024-04-13 17:18:49,077 [INFO] IPUIPlugin:80 - create IPUIPlugin
2024-04-13 17:18:49,080 [INFO] PluginManager:220 - loadIPPluginJar : add i2c
2024-04-13 17:18:49,082 [INFO] IPUIPlugin:80 - create IPUIPlugin
2024-04-13 17:18:49,083 [INFO] PluginManager:220 - loadIPPluginJar : add i2s
2024-04-13 17:18:49,086 [INFO] IPUIPlugin:80 - create IPUIPlugin
2024-04-13 17:18:49,087 [INFO] PluginManager:220 - loadIPPluginJar : add i3c
2024-04-13 17:18:49,092 [INFO] IPUIPlugin:80 - create IPUIPlugin
2024-04-13 17:18:49,093 [INFO] PluginManager:220 - loadIPPluginJar : add ipddr
2024-04-13 17:18:49,099 [INFO] IPUIPlugin:80 - create IPUIPlugin
2024-04-13 17:18:49,099 [INFO] PluginManager:220 - loadIPPluginJar : add linkedlist
2024-04-13 17:18:49,102 [INFO] IPUIPlugin:80 - create IPUIPlugin
2024-04-13 17:18:49,102 [INFO] PluginManager:220 - loadIPPluginJar : add lorawan
2024-04-13 17:18:49,104 [INFO] IPUIPlugin:80 - create IPUIPlugin
2024-04-13 17:18:49,105 [INFO] PluginManager:220 - loadIPPluginJar : add ltdc
2024-04-13 17:18:49,109 [INFO] IPUIPlugin:80 - create IPUIPlugin
2024-04-13 17:18:49,110 [INFO] PluginManager:220 - loadIPPluginJar : add mdma
2024-04-13 17:18:49,113 [INFO] IPUIPlugin:80 - create IPUIPlugin
2024-04-13 17:18:49,114 [INFO] PluginManager:220 - loadIPPluginJar : add nvic
2024-04-13 17:18:49,116 [INFO] IPUIPlugin:80 - create IPUIPlugin
2024-04-13 17:18:49,117 [INFO] PluginManager:220 - loadIPPluginJar : add opamp
2024-04-13 17:18:49,120 [INFO] IPUIPlugin:80 - create IPUIPlugin
2024-04-13 17:18:49,120 [INFO] PluginManager:220 - loadIPPluginJar : add openamp
2024-04-13 17:18:49,123 [INFO] IPUIPlugin:80 - create IPUIPlugin
2024-04-13 17:18:49,125 [INFO] PluginManager:220 - loadIPPluginJar : add pdm2pcm
2024-04-13 17:18:49,129 [INFO] IPUIPlugin:80 - create IPUIPlugin
2024-04-13 17:18:49,131 [INFO] PluginManager:220 - loadIPPluginJar : add plateformsettings
2024-04-13 17:18:49,132 [INFO] IPUIPlugin:80 - create IPUIPlugin
2024-04-13 17:18:49,133 [INFO] PluginManager:220 - loadIPPluginJar : add quadspi
2024-04-13 17:18:49,135 [INFO] IPUIPlugin:80 - create IPUIPlugin
2024-04-13 17:18:49,136 [INFO] PluginManager:220 - loadIPPluginJar : add resmgrutility
2024-04-13 17:18:49,139 [INFO] IPUIPlugin:80 - create IPUIPlugin
2024-04-13 17:18:49,139 [INFO] PluginManager:220 - loadIPPluginJar : add sai
2024-04-13 17:18:49,141 [INFO] IPUIPlugin:80 - create IPUIPlugin
2024-04-13 17:18:49,143 [INFO] PluginManager:220 - loadIPPluginJar : add spi
2024-04-13 17:18:49,146 [INFO] IPUIPlugin:80 - create IPUIPlugin
2024-04-13 17:18:49,146 [INFO] PluginManager:220 - loadIPPluginJar : add stm32_wpan
2024-04-13 17:18:49,148 [INFO] IPUIPlugin:80 - create IPUIPlugin
2024-04-13 17:18:49,148 [INFO] PluginManager:220 - loadIPPluginJar : add tim
2024-04-13 17:18:49,151 [INFO] IPUIPlugin:80 - create IPUIPlugin
2024-04-13 17:18:49,152 [INFO] PluginManager:220 - loadIPPluginJar : add touchsensing
2024-04-13 17:18:49,154 [INFO] IPUIPlugin:80 - create IPUIPlugin
2024-04-13 17:18:49,154 [INFO] PluginManager:220 - loadIPPluginJar : add tracer_emb
2024-04-13 17:18:49,156 [INFO] IPUIPlugin:80 - create IPUIPlugin
2024-04-13 17:18:49,157 [INFO] PluginManager:220 - loadIPPluginJar : add ts
2024-04-13 17:18:49,159 [INFO] IPUIPlugin:80 - create IPUIPlugin
2024-04-13 17:18:49,160 [INFO] PluginManager:220 - loadIPPluginJar : add tsc
2024-04-13 17:18:49,161 [INFO] IPUIPlugin:80 - create IPUIPlugin
2024-04-13 17:18:49,162 [INFO] PluginManager:220 - loadIPPluginJar : add ucpd
2024-04-13 17:18:49,164 [INFO] IPUIPlugin:80 - create IPUIPlugin
2024-04-13 17:18:49,165 [INFO] PluginManager:220 - loadIPPluginJar : add usart
2024-04-13 17:18:49,167 [INFO] IPUIPlugin:80 - create IPUIPlugin
2024-04-13 17:18:49,167 [INFO] PluginManager:220 - loadIPPluginJar : add usbx
2024-04-13 17:18:49,287 [INFO] CADModel:165 - CPN selected for project level
2024-04-13 17:18:49,293 [INFO] CADModel:114 - Register for checkConnection events
2024-04-13 17:18:49,294 [FATAL] Updater:308 - Updater called before beeing initialized
2024-04-13 17:18:49,295 [ERROR] CADModel:125 - Updater not yet initialized, retry later 
2024-04-13 17:18:49,379 [INFO] CADModel:165 - CPN selected for project level
2024-04-13 17:18:49,380 [INFO] CADModel:114 - Register for checkConnection events
2024-04-13 17:18:49,381 [FATAL] Updater:308 - Updater called before beeing initialized
2024-04-13 17:18:49,382 [ERROR] CADModel:125 - Updater not yet initialized, retry later 
2024-04-13 17:18:49,384 [FATAL] Updater:308 - Updater called before beeing initialized
2024-04-13 17:18:49,488 [FATAL] Updater:308 - Updater called before beeing initialized
2024-04-13 17:18:49,493 [INFO] DbMcusAds:53 - JSON generation date=Wed Nov 29 04:52:27 CST 2023 (1701255147349)
2024-04-13 17:18:49,493 [FATAL] Updater:308 - Updater called before beeing initialized
2024-04-13 17:18:49,524 [WARN] DetailPanel:346 - Failed to get advertising image, set to default
2024-04-13 17:18:49,600 [FATAL] Updater:308 - Updater called before beeing initialized
2024-04-13 17:18:49,602 [FATAL] Updater:308 - Updater called before beeing initialized
2024-04-13 17:18:49,603 [FATAL] Updater:308 - Updater called before beeing initialized
2024-04-13 17:18:49,604 [WARN] DetailPanel:346 - Failed to get advertising image, set to default
2024-04-13 17:18:49,605 [FATAL] Updater:308 - Updater called before beeing initialized
2024-04-13 17:18:49,644 [ERROR] Updater:1120 - MainUpdater not yet initialized. External WinMGr cannot be set.
2024-04-13 17:18:49,650 [INFO] Updater:1056 - Updater Version found : 6.11.0
2024-04-13 17:18:49,670 [INFO] ApplicationProperties:184 - Using Application install path: C:\ST\STM32CubeIDE_1.13.1\STM32CubeIDE\plugins\com.st.stm32cube.common.mx_6.11.0.202403141607
2024-04-13 17:18:51,267 [ERROR] LogOutputStream:75 - [STDERR_REDIRECT] Apr 13, 2024 5:18:51 PM java.util.prefs.WindowsPreferences <init>
2024-04-13 17:18:51,269 [ERROR] LogOutputStream:75 - [STDERR_REDIRECT] WARNING: Could not open/create prefs root node Software\JavaSoft\Prefs at root 0xffffffff80000002. Windows RegCreateKeyEx(...) returned error code 5.
2024-04-13 17:18:51,270 [ERROR] LogOutputStream:75 - [STDERR_REDIRECT] 
2024-04-13 17:18:51,630 [INFO] ThirdPartyUpdaterWithRetryManager:70 - Updater plugin not ready yet. [2/15]
2024-04-13 17:18:51,674 [INFO] MainUpdater:2873 - connection check result : 10
2024-04-13 17:18:51,675 [INFO] MainUpdater:290 - Updater Check For Update Now.
2024-04-13 17:18:51,676 [INFO] MicroXplorer:498 - Change Database Version : DB.6.0.110
2024-04-13 17:18:51,682 [INFO] McuFinderGlobals:63 - Set McuFinder mode to 2 (CubeIDE integrated)
2024-04-13 17:18:51,687 [INFO] UserAuth:415 - Internet connection configuration mode: 1
2024-04-13 17:18:51,702 [INFO] JxBrowserEngine:152 - Initiate JxBrowser Engine with user profile folder
2024-04-13 17:18:51,825 [INFO] CheckServerUpdateThread:120 - End of CheckServer Thread
2024-04-13 17:18:52,397 [INFO] WebApp:161 - Instantiating new browser for Auth
2024-04-13 17:18:52,841 [INFO] WebApp:779 - Register for checkConnection events
2024-04-13 17:18:52,843 [INFO] WebApp:414 - Apply proxy settings
2024-04-13 17:18:52,844 [INFO] WebApp:499 - Chromium requires no authentication
2024-04-13 17:18:52,849 [INFO] WebApp:442 - Direct internet connection detected
2024-04-13 17:18:52,947 [INFO] WebApp:192 - Starting web application
2024-04-13 17:18:52,948 [INFO] WebApp:544 - Web application path used C:\ST\STM32CubeIDE_1.13.1\STM32CubeIDE\plugins\com.st.stm32cube.common.mx_6.11.0.202403141607\db\plugins\mcufinder\reactClient1\index.html
2024-04-13 17:18:54,806 [WARN] PackLoader:240 - Cannot read IP mode file for STMicroelectronics.X-CUBE-SMBUS.2.1.0
2024-04-13 17:18:54,817 [WARN] PackLoader:240 - Cannot read IP mode file for STMicroelectronics.X-CUBE-TOUCHGFX.4.23.0
2024-04-13 17:18:54,836 [WARN] PackLoader:240 - Cannot read IP mode file for STMicroelectronics.X-CUBE-TOUCHGFX.4.23.2
2024-04-13 17:18:54,877 [WARN] PackLoader:240 - Cannot read IP mode file for STMicroelectronics.X-CUBE-AZRTOS-F7.1.1.0
2024-04-13 17:18:54,888 [WARN] PackLoader:240 - Cannot read IP mode file for STMicroelectronics.FP-SNS-MOTENV1.4.3.2
2024-04-13 17:18:54,896 [WARN] PackLoader:240 - Cannot read IP mode file for STMicroelectronics.FP-SNS-FLIGHT1.5.0.2
2024-04-13 17:18:54,906 [WARN] PackLoader:240 - Cannot read IP mode file for STMicroelectronics.X-CUBE-DISPLAY.3.0.0
2024-04-13 17:18:54,921 [WARN] PackLoader:240 - Cannot read IP mode file for STMicroelectronics.X-CUBE-BLE1.7.0.0
2024-04-13 17:18:54,929 [WARN] PackLoader:240 - Cannot read IP mode file for emotas.I-CUBE-CANOPEN.1.3.0
2024-04-13 17:18:54,941 [WARN] PackLoader:240 - Cannot read IP mode file for STMicroelectronics.X-CUBE-BLEMGR.3.1.0
2024-04-13 17:18:54,950 [WARN] PackLoader:240 - Cannot read IP mode file for STMicroelectronics.FP-SNS-SMARTAG2.1.2.0
2024-04-13 17:18:54,961 [INFO] LogOutputStream:77 - [STDOUT_REDIRECT] 1 : Invalid condition id : UX_CORESTACK_Condition cause : null
2024-04-13 17:18:54,962 [INFO] LogOutputStream:77 - [STDOUT_REDIRECT] 1 : Invalid condition id : UX_CORESTACK_Condition cause : null
2024-04-13 17:18:54,964 [INFO] LogOutputStream:77 - [STDOUT_REDIRECT] 1 : Invalid condition id : UX_CORESTACK_Condition cause : null
2024-04-13 17:18:54,966 [INFO] LogOutputStream:77 - [STDOUT_REDIRECT] 1 : Invalid condition id : UX_CORESTACK_Condition cause : null
2024-04-13 17:18:54,967 [INFO] LogOutputStream:77 - [STDOUT_REDIRECT] 1 : Invalid condition id : UX_CORESTACK_Condition cause : null
2024-04-13 17:18:54,972 [WARN] PackLoader:240 - Cannot read IP mode file for STMicroelectronics.X-CUBE-AZRTOS-WL.2.0.0
2024-04-13 17:18:54,979 [WARN] PackLoader:240 - Cannot read IP mode file for STMicroelectronics.FP-SNS-MOTENV1.5.0.0
2024-04-13 17:18:54,987 [WARN] PackLoader:240 - Cannot read IP mode file for WES.I-CUBE-Cesium.1.3.0
2024-04-13 17:18:54,993 [WARN] PackLoader:240 - Cannot read IP mode file for STMicroelectronics.X-CUBE-BLE2.3.3.0
2024-04-13 17:18:54,998 [WARN] PackLoader:240 - Cannot read IP mode file for STMicroelectronics.X-CUBE-TCPP.4.1.0
2024-04-13 17:18:55,005 [WARN] PackLoader:240 - Cannot read IP mode file for STMicroelectronics.X-CUBE-ALGOBUILD.1.3.0
2024-04-13 17:18:55,018 [WARN] PackLoader:240 - Cannot read IP mode file for STMicroelectronics.X-CUBE-AZRTOS-G0.1.1.0
2024-04-13 17:18:55,026 [WARN] PackLoader:240 - Cannot read IP mode file for STMicroelectronics.X-CUBE-SAFEA1.1.2.2
2024-04-13 17:18:55,031 [WARN] PackLoader:240 - Cannot read IP mode file for STMicroelectronics.X-CUBE-NFC4.3.0.0
2024-04-13 17:18:55,039 [WARN] PackLoader:240 - Cannot read IP mode file for STMicroelectronics.X-CUBE-BLEMGR.3.0.0
2024-04-13 17:18:55,046 [WARN] PackLoader:240 - Cannot read IP mode file for wolfSSL.I-CUBE-wolfSSL.5.7.0
2024-04-13 17:18:55,049 [WARN] PackLoader:240 - Cannot read IP mode file for STMicroelectronics.FP-ATR-SIGFOX1.3.2.0
2024-04-13 17:18:55,056 [WARN] PackLoader:240 - Cannot read IP mode file for STMicroelectronics.X-CUBE-EEPRMA1.5.1.0
2024-04-13 17:18:55,063 [WARN] PackLoader:240 - Cannot read IP mode file for ITTIA_DB.I-CUBE-ITTIADB.8.9.0
2024-04-13 17:18:55,093 [WARN] PackLoader:240 - Cannot read IP mode file for SEGGER.I-CUBE-embOS.1.3.1
2024-04-13 17:18:55,131 [WARN] PackLoader:240 - Cannot read IP mode file for STMicroelectronics.X-CUBE-GNSS1.6.0.0
2024-04-13 17:18:55,146 [WARN] PackLoader:240 - Cannot read IP mode file for STMicroelectronics.X-CUBE-AZRTOS-F4.1.1.0
2024-04-13 17:18:55,152 [WARN] PackLoader:240 - Cannot read IP mode file for wolfSSL.I-CUBE-wolfSSL.5.6.6
2024-04-13 17:18:55,165 [WARN] PackLoader:240 - Cannot read IP mode file for STMicroelectronics.X-CUBE-AZRTOS-L5.2.0.0
2024-04-13 17:18:55,170 [WARN] PackLoader:240 - Cannot read IP mode file for STMicroelectronics.X-CUBE-EEPRMA1.4.2.0
2024-04-13 17:18:55,177 [WARN] PackLoader:240 - Cannot read IP mode file for STMicroelectronics.X-CUBE-NFC6.3.1.0
2024-04-13 17:18:55,184 [WARN] PackLoader:240 - Cannot read IP mode file for ITTIA_DB.I-CUBE-ITTIADB.8.8.0
2024-04-13 17:18:55,190 [WARN] PackLoader:240 - Cannot read IP mode file for STMicroelectronics.X-CUBE-NFC7.1.0.1
2024-04-13 17:18:55,197 [WARN] PackLoader:240 - Cannot read IP mode file for STMicroelectronics.X-CUBE-NFC6.3.0.0
2024-04-13 17:18:55,202 [WARN] PackLoader:240 - Cannot read IP mode file for STMicroelectronics.X-CUBE-AI.8.1.0
2024-04-13 17:18:55,275 [WARN] ConditionMgr:438 - getConditionDescription Invalid condition id : LAN8742 Phy interface Condition cause : null
2024-04-13 17:18:55,276 [WARN] PackLoader:240 - Cannot read IP mode file for STMicroelectronics.X-CUBE-AZRTOS-L4.2.0.0
2024-04-13 17:18:55,278 [WARN] ConditionMgr:1039 - genDependencies : Invalid condition id : LAN8742 Phy interface Condition cause : null
2024-04-13 17:18:55,278 [WARN] ConditionMgr:1039 - genDependencies : Invalid condition id : LAN8742 Phy interface Condition cause : null
2024-04-13 17:18:55,279 [WARN] ConditionMgr:1039 - genDependencies : Invalid condition id : LAN8742 Phy interface Condition cause : null
2024-04-13 17:18:55,286 [WARN] PackLoader:240 - Cannot read IP mode file for STMicroelectronics.X-CUBE-SFXS2LP1.4.0.0
2024-04-13 17:18:55,304 [WARN] ConditionMgr:438 - getConditionDescription Invalid condition id : UX DEVICE CLASS RTOS Condition cause : null
2024-04-13 17:18:55,306 [WARN] ConditionMgr:438 - getConditionDescription Invalid condition id : UX DEVICE CLASS RTOS Condition cause : null
2024-04-13 17:18:55,307 [WARN] PackLoader:240 - Cannot read IP mode file for STMicroelectronics.X-CUBE-AZRTOS-WB.2.0.0
2024-04-13 17:18:55,309 [WARN] ConditionMgr:1039 - genDependencies : Invalid condition id : UX DEVICE CLASS RTOS Condition cause : null
2024-04-13 17:18:55,310 [WARN] ConditionMgr:1039 - genDependencies : Invalid condition id : UX DEVICE CLASS RTOS Condition cause : null
2024-04-13 17:18:55,311 [WARN] ConditionMgr:1039 - genDependencies : Invalid condition id : UX DEVICE CLASS RTOS Condition cause : null
2024-04-13 17:18:55,313 [WARN] ConditionMgr:1039 - genDependencies : Invalid condition id : UX DEVICE CLASS RTOS Condition cause : null
2024-04-13 17:18:55,314 [WARN] ConditionMgr:1039 - genDependencies : Invalid condition id : UX DEVICE CLASS RTOS Condition cause : null
2024-04-13 17:18:55,322 [WARN] PackLoader:240 - Cannot read IP mode file for STMicroelectronics.X-CUBE-SUBG2.5.0.0
2024-04-13 17:18:55,335 [WARN] PackLoader:240 - Cannot read IP mode file for STMicroelectronics.X-CUBE-AZRTOS-G4.2.0.0
2024-04-13 17:18:55,344 [WARN] PackLoader:240 - Cannot read IP mode file for Infineon.AIROC-Wi-Fi-Bluetooth-STM32.1.5.1
2024-04-13 17:18:55,351 [WARN] PackLoader:240 - Cannot read IP mode file for STMicroelectronics.FP-SNS-MOTENVWB1.1.3.1
2024-04-13 17:18:55,355 [WARN] PackLoader:240 - Cannot read IP mode file for STMicroelectronics.X-CUBE-ISPU.2.0.0
2024-04-13 17:18:55,379 [WARN] PackLoader:240 - Cannot read IP mode file for STMicroelectronics.X-CUBE-MEMS1.10.0.0
2024-04-13 17:18:55,440 [WARN] PackLoader:240 - Cannot read IP mode file for STMicroelectronics.X-CUBE-FREERTOS.1.1.0
2024-04-13 17:18:55,445 [WARN] PackLoader:240 - Cannot read IP mode file for portGmbH.I-Cube-SoM-uGOAL.1.1.0
2024-04-13 17:18:55,450 [WARN] PackLoader:240 - Cannot read IP mode file for STMicroelectronics.X-CUBE-ALS.1.0.1
2024-04-13 17:18:55,454 [WARN] PackLoader:240 - Cannot read IP mode file for STMicroelectronics.FP-ATR-ASTRA1.2.0.0
2024-04-13 17:18:55,461 [WARN] PackLoader:240 - Cannot read IP mode file for STMicroelectronics.X-CUBE-TOF1.3.4.0
2024-04-13 17:18:55,472 [WARN] PackLoader:240 - Cannot read IP mode file for STMicroelectronics.X-CUBE-TOF1.3.4.1
2024-04-13 17:18:55,492 [WARN] PackLoader:240 - Cannot read IP mode file for STMicroelectronics.X-CUBE-AZRTOS-H7.3.2.0
2024-04-13 17:18:55,501 [WARN] PackLoader:240 - Cannot read IP mode file for Infineon.AIROC-Wi-Fi-Bluetooth-STM32.1.6.0
2024-04-13 17:18:55,503 [INFO] ThirdParty:978 - Integrity check success = true
2024-04-13 17:18:55,504 [INFO] IntegrityCheckThread:100 - exiting critical section [integrity check]
2024-04-13 17:18:55,505 [INFO] IntegrityCheckThread:103 - End integrity checks thread
2024-04-13 17:18:57,321 [ERROR] LogOutputStream:75 - [STDERR_REDIRECT] 
