2024-04-09 18:20:30,296 [INFO] Activator:176 - 


2024-04-09 18:20:30,296 [INFO] Activator:177 - !SESSION log4j initialized
2024-04-09 18:20:32,040 [INFO] LogOutputStream:77 - [STDOUT_REDIRECT] 
2024-04-09 18:20:33,449 [INFO] ApplicationProperties:184 - Using Application install path: C:\ST\STM32CubeIDE_1.13.1\STM32CubeIDE\plugins\com.st.stm32cube.common.mx_6.11.0.202403141607
2024-04-09 18:20:33,467 [INFO] DbMcusXml:78 - Set database path to: C:\ST\STM32CubeIDE_1.13.1\STM32CubeIDE\plugins\com.st.stm32cube.common.mx_6.11.0.202403141607\\db\/mcu/
2024-04-09 18:20:33,469 [INFO] ApiDb:274 - Set plugin database path to: C:\ST\STM32CubeIDE_1.13.1\STM32CubeIDE\plugins\com.st.stm32cube.common.mx_6.11.0.202403141607\\db\/plugins/boardmanager/
2024-04-09 18:20:33,470 [WARN] ApiDb:259 - Overriding images path with different value:  => C:\ST\STM32CubeIDE_1.13.1\STM32CubeIDE\plugins\com.st.stm32cube.common.mx_6.11.0.202403141607\\db\/plugins/mcufinder/images/
2024-04-09 18:20:33,476 [INFO] ApiDb:250 - Set database path to: C:\Users\ryfu2\.stmcufinder\plugins\mcufinder//mcu/
2024-04-09 18:20:33,478 [INFO] DbMcusAds:125 - Set database path to: C:\Users\ryfu2\.stmcufinder\plugins\mcufinder//mcu/
2024-04-09 18:20:33,480 [INFO] CrossReferenceDbSqlite:203 - Set database path to: C:\Users\ryfu2\.stmcufinder\plugins\mcufinder//mcu/cs/
2024-04-09 18:20:33,580 [INFO] RulesReader:64 - Compatibility file has been processed (297 Rules)
2024-04-09 18:20:33,671 [INFO] DbMcusXml:78 - Set database path to: C:\ST\STM32CubeIDE_1.13.1\STM32CubeIDE\plugins\com.st.stm32cube.common.mx_6.11.0.202403141607\\db\/mcu/
2024-04-09 18:20:33,671 [INFO] ApiDb:274 - Set plugin database path to: C:\ST\STM32CubeIDE_1.13.1\STM32CubeIDE\plugins\com.st.stm32cube.common.mx_6.11.0.202403141607\\db\/plugins/boardmanager/
2024-04-09 18:20:33,672 [INFO] ApiDb:261 - Set plugin images path to: C:\ST\STM32CubeIDE_1.13.1\STM32CubeIDE\plugins\com.st.stm32cube.common.mx_6.11.0.202403141607\\db\/plugins/mcufinder/images/
2024-04-09 18:20:33,673 [WARN] DbFile:41 - Overriding database path with different value: C:\Users\ryfu2\.stmcufinder\plugins\mcufinder/ => C:\Users\ryfu2\.stmcufinder\plugins\mcufinder
2024-04-09 18:20:33,674 [INFO] ApiDb:250 - Set database path to: C:\Users\ryfu2\.stmcufinder\plugins\mcufinder//mcu/
2024-04-09 18:20:33,674 [WARN] DbFile:41 - Overriding database path with different value: C:\Users\ryfu2\.stmcufinder\plugins\mcufinder/ => C:\Users\ryfu2\.stmcufinder\plugins\mcufinder
2024-04-09 18:20:33,675 [INFO] DbMcusAds:125 - Set database path to: C:\Users\ryfu2\.stmcufinder\plugins\mcufinder//mcu/
2024-04-09 18:20:33,676 [WARN] DbFile:41 - Overriding database path with different value: C:\Users\ryfu2\.stmcufinder\plugins\mcufinder/ => C:\Users\ryfu2\.stmcufinder\plugins\mcufinder
2024-04-09 18:20:33,676 [WARN] DbFile:41 - Overriding database path with different value: C:\Users\ryfu2\.stmcufinder\plugins\mcufinder/ => C:\Users\ryfu2\.stmcufinder\plugins\mcufinder
2024-04-09 18:20:33,677 [INFO] CrossReferenceDbSqlite:203 - Set database path to: C:\Users\ryfu2\.stmcufinder\plugins\mcufinder//mcu/cs/
2024-04-09 18:20:33,747 [INFO] MainPanel:264 - HeapMemory: 268435456
2024-04-09 18:20:33,805 [INFO] DbMcusXml:78 - Set database path to: C:\ST\STM32CubeIDE_1.13.1\STM32CubeIDE\plugins\com.st.stm32cube.common.mx_6.11.0.202403141607\\db\/mcu/
2024-04-09 18:20:33,806 [INFO] ApiDb:274 - Set plugin database path to: C:\ST\STM32CubeIDE_1.13.1\STM32CubeIDE\plugins\com.st.stm32cube.common.mx_6.11.0.202403141607\\db\/plugins/boardmanager/
2024-04-09 18:20:33,807 [INFO] ApiDb:261 - Set plugin images path to: C:\ST\STM32CubeIDE_1.13.1\STM32CubeIDE\plugins\com.st.stm32cube.common.mx_6.11.0.202403141607\\db\/plugins/mcufinder/images/
2024-04-09 18:20:33,809 [WARN] DbFile:41 - Overriding database path with different value: C:\Users\ryfu2\.stmcufinder\plugins\mcufinder/ => C:\Users\ryfu2\.stmcufinder\plugins\mcufinder
2024-04-09 18:20:33,810 [INFO] ApiDb:250 - Set database path to: C:\Users\ryfu2\.stmcufinder\plugins\mcufinder//mcu/
2024-04-09 18:20:33,810 [WARN] DbFile:41 - Overriding database path with different value: C:\Users\ryfu2\.stmcufinder\plugins\mcufinder/ => C:\Users\ryfu2\.stmcufinder\plugins\mcufinder
2024-04-09 18:20:33,811 [INFO] DbMcusAds:125 - Set database path to: C:\Users\ryfu2\.stmcufinder\plugins\mcufinder//mcu/
2024-04-09 18:20:33,812 [WARN] DbFile:41 - Overriding database path with different value: C:\Users\ryfu2\.stmcufinder\plugins\mcufinder/ => C:\Users\ryfu2\.stmcufinder\plugins\mcufinder
2024-04-09 18:20:33,812 [WARN] DbFile:41 - Overriding database path with different value: C:\Users\ryfu2\.stmcufinder\plugins\mcufinder/ => C:\Users\ryfu2\.stmcufinder\plugins\mcufinder
2024-04-09 18:20:33,813 [INFO] CrossReferenceDbSqlite:203 - Set database path to: C:\Users\ryfu2\.stmcufinder\plugins\mcufinder//mcu/cs/
2024-04-09 18:20:33,833 [INFO] ApplicationProperties:184 - Using Application install path: C:\ST\STM32CubeIDE_1.13.1\STM32CubeIDE\plugins\com.st.stm32cube.common.mx_6.11.0.202403141607
2024-04-09 18:20:33,835 [INFO] PluginManage:196 - Search for loadable plugins [exclusion list=, ]
2024-04-09 18:20:33,837 [INFO] PluginManage:310 - Check plugin analytics
2024-04-09 18:20:33,991 [INFO] AnalyticsPlugin:253 - Accepted Software Licenses: 
2024-04-09 18:20:33,993 [INFO] AnalyticsPlugin:255 - Accepted CMSIS Pack Licenses: 
2024-04-09 18:20:33,994 [INFO] AnalyticsPlugin:257 - Accepted Firmware Licenses: 
2024-04-09 18:20:33,998 [INFO] PluginManage:359 - Loaded plugin analytics (category:tool,tabindex:-1)
2024-04-09 18:20:33,999 [INFO] PluginManage:310 - Check plugin cadmodel
2024-04-09 18:20:34,004 [INFO] CADModel:105 - Init CAD model plugin
2024-04-09 18:20:34,005 [INFO] PluginManage:359 - Loaded plugin cadmodel (category:power,tabindex:5)
2024-04-09 18:20:34,006 [INFO] PluginManage:310 - Check plugin clock
2024-04-09 18:20:34,018 [INFO] PluginManage:359 - Loaded plugin clock (category:base,tabindex:2)
2024-04-09 18:20:34,019 [INFO] PluginManage:310 - Check plugin ddr
2024-04-09 18:20:34,021 [INFO] PluginManage:359 - Loaded plugin ddr (category:tool,tabindex:6)
2024-04-09 18:20:34,022 [INFO] PluginManage:310 - Check plugin filemanager
2024-04-09 18:20:34,172 [INFO] PluginManage:359 - Loaded plugin filemanager (category:base,tabindex:10)
2024-04-09 18:20:34,174 [INFO] PluginManage:310 - Check plugin ipmanager
2024-04-09 18:20:34,184 [INFO] PluginManage:359 - Loaded plugin ipmanager (category:base,tabindex:5)
2024-04-09 18:20:34,185 [INFO] PluginManage:310 - Check plugin lpbam
2024-04-09 18:20:34,193 [INFO] PluginManage:359 - Loaded plugin lpbam (category:base,tabindex:0)
2024-04-09 18:20:34,194 [INFO] PluginManage:310 - Check plugin memorymap
2024-04-09 18:20:34,205 [INFO] PluginManage:359 - Loaded plugin memorymap (category:base,tabindex:4)
2024-04-09 18:20:34,206 [INFO] PluginManage:310 - Check plugin pinoutandconfiguration
2024-04-09 18:20:34,213 [INFO] PluginManage:359 - Loaded plugin pinoutandconfiguration (category:base,tabindex:1)
2024-04-09 18:20:34,214 [INFO] PluginManage:310 - Check plugin pinoutconfig
2024-04-09 18:20:34,291 [WARN] SupportedApi:132 - Cannot load RTOS API schema: s4s-elt-must-match.1: The content of 'definitions' must match (annotation?, (simpleType | complexType)?, (unique | key | keyref)*)). A problem was found starting at: attribute.
2024-04-09 18:20:34,391 [INFO] PluginManage:359 - Loaded plugin pinoutconfig (category:base,tabindex:0)
2024-04-09 18:20:34,392 [INFO] PluginManage:310 - Check plugin power
2024-04-09 18:20:34,399 [INFO] PluginManage:359 - Loaded plugin power (category:power,tabindex:4)
2024-04-09 18:20:34,400 [INFO] PluginManage:310 - Check plugin projectmanager
2024-04-09 18:20:34,414 [INFO] PluginManage:359 - Loaded plugin projectmanager (category:projectmanager,tabindex:3)
2024-04-09 18:20:34,415 [INFO] PluginManage:310 - Check plugin thirdparty
2024-04-09 18:20:34,520 [INFO] PluginManage:359 - Loaded plugin thirdparty (category:base,tabindex:-1)
2024-04-09 18:20:34,520 [WARN] IntegrityCheckThread:84 - waiting for thirdparty lock release [integrity check]
2024-04-09 18:20:34,521 [INFO] PluginManage:310 - Check plugin tools
2024-04-09 18:20:34,521 [INFO] IntegrityCheckThread:86 - entering critical section [integrity check]
2024-04-09 18:20:34,523 [INFO] ThirdPartyUpdaterWithRetryManager:70 - Updater plugin not ready yet. [1/15]
2024-04-09 18:20:34,526 [INFO] PluginManage:359 - Loaded plugin tools (category:base,tabindex:7)
2024-04-09 18:20:34,527 [INFO] PluginManage:310 - Check plugin tutovideos
2024-04-09 18:20:34,654 [INFO] PluginManage:359 - Loaded plugin tutovideos (category:base,tabindex:-1)
2024-04-09 18:20:34,655 [INFO] PluginManage:310 - Check plugin updater
2024-04-09 18:20:34,663 [INFO] PluginManage:359 - Loaded plugin updater (category:base,tabindex:12)
2024-04-09 18:20:34,664 [INFO] PluginManage:310 - Check plugin userauth
2024-04-09 18:20:34,670 [INFO] UserAuth:114 - Init User Auth plugin
2024-04-09 18:20:34,671 [INFO] PluginManage:359 - Loaded plugin userauth (category:base,tabindex:14)
2024-04-09 18:20:34,672 [INFO] PluginManage:283 - PluginManage : Loaded plugins [17]
2024-04-09 18:20:34,851 [INFO] PinOutPanel:1561 - setPackage(No Configuration,No Configuration)
2024-04-09 18:20:34,933 [INFO] CADModel:165 - CPN selected for project level
2024-04-09 18:20:34,934 [INFO] CADModel:114 - Register for checkConnection events
2024-04-09 18:20:34,948 [INFO] IPUIPlugin:80 - create IPUIPlugin
2024-04-09 18:20:34,949 [INFO] PluginManager:220 - loadIPPluginJar : add adc
2024-04-09 18:20:34,952 [INFO] IPUIPlugin:80 - create IPUIPlugin
2024-04-09 18:20:34,953 [INFO] PluginManager:220 - loadIPPluginJar : add aes
2024-04-09 18:20:34,956 [INFO] IPUIPlugin:80 - create IPUIPlugin
2024-04-09 18:20:34,956 [INFO] PluginManager:220 - loadIPPluginJar : add can
2024-04-09 18:20:34,959 [INFO] IPUIPlugin:80 - create IPUIPlugin
2024-04-09 18:20:34,959 [INFO] PluginManager:220 - loadIPPluginJar : add comp
2024-04-09 18:20:34,962 [INFO] IPUIPlugin:80 - create IPUIPlugin
2024-04-09 18:20:34,963 [INFO] PluginManager:220 - loadIPPluginJar : add cryp
2024-04-09 18:20:34,966 [INFO] IPUIPlugin:80 - create IPUIPlugin
2024-04-09 18:20:34,967 [INFO] PluginManager:220 - loadIPPluginJar : add dfsdm
2024-04-09 18:20:34,972 [INFO] IPUIPlugin:80 - create IPUIPlugin
2024-04-09 18:20:34,973 [INFO] PluginManager:220 - loadIPPluginJar : add dma
2024-04-09 18:20:34,976 [INFO] IPUIPlugin:80 - create IPUIPlugin
2024-04-09 18:20:34,976 [INFO] PluginManager:220 - loadIPPluginJar : add dma3
2024-04-09 18:20:34,979 [INFO] IPUIPlugin:80 - create IPUIPlugin
2024-04-09 18:20:34,980 [INFO] PluginManager:220 - loadIPPluginJar : add extmemmanager
2024-04-09 18:20:34,983 [INFO] IPUIPlugin:80 - create IPUIPlugin
2024-04-09 18:20:34,984 [INFO] PluginManager:220 - loadIPPluginJar : add fatfs
2024-04-09 18:20:34,988 [INFO] IPUIPlugin:80 - create IPUIPlugin
2024-04-09 18:20:34,989 [INFO] PluginManager:220 - loadIPPluginJar : add fmc
2024-04-09 18:20:34,994 [INFO] IPUIPlugin:80 - create IPUIPlugin
2024-04-09 18:20:34,995 [INFO] PluginManager:220 - loadIPPluginJar : add freertos
2024-04-09 18:20:34,997 [INFO] IPUIPlugin:80 - create IPUIPlugin
2024-04-09 18:20:34,998 [INFO] PluginManager:220 - loadIPPluginJar : add genericplugin
2024-04-09 18:20:35,000 [INFO] IPUIPlugin:80 - create IPUIPlugin
2024-04-09 18:20:35,001 [INFO] PluginManager:220 - loadIPPluginJar : add gfxmmu
2024-04-09 18:20:35,006 [INFO] IPUIPlugin:80 - create IPUIPlugin
2024-04-09 18:20:35,006 [INFO] PluginManager:220 - loadIPPluginJar : add gic
2024-04-09 18:20:35,010 [INFO] IPUIPlugin:80 - create IPUIPlugin
2024-04-09 18:20:35,011 [INFO] PluginManager:220 - loadIPPluginJar : add gpio
2024-04-09 18:20:35,014 [INFO] IPUIPlugin:80 - create IPUIPlugin
2024-04-09 18:20:35,014 [INFO] PluginManager:220 - loadIPPluginJar : add gtzc
2024-04-09 18:20:35,017 [INFO] IPUIPlugin:80 - create IPUIPlugin
2024-04-09 18:20:35,017 [INFO] PluginManager:220 - loadIPPluginJar : add hash
2024-04-09 18:20:35,020 [INFO] IPUIPlugin:80 - create IPUIPlugin
2024-04-09 18:20:35,021 [INFO] PluginManager:220 - loadIPPluginJar : add i2c
2024-04-09 18:20:35,023 [INFO] IPUIPlugin:80 - create IPUIPlugin
2024-04-09 18:20:35,024 [INFO] PluginManager:220 - loadIPPluginJar : add i2s
2024-04-09 18:20:35,026 [INFO] IPUIPlugin:80 - create IPUIPlugin
2024-04-09 18:20:35,027 [INFO] PluginManager:220 - loadIPPluginJar : add i3c
2024-04-09 18:20:35,030 [INFO] IPUIPlugin:80 - create IPUIPlugin
2024-04-09 18:20:35,031 [INFO] PluginManager:220 - loadIPPluginJar : add ipddr
2024-04-09 18:20:35,037 [INFO] IPUIPlugin:80 - create IPUIPlugin
2024-04-09 18:20:35,038 [INFO] PluginManager:220 - loadIPPluginJar : add linkedlist
2024-04-09 18:20:35,041 [INFO] IPUIPlugin:80 - create IPUIPlugin
2024-04-09 18:20:35,042 [INFO] PluginManager:220 - loadIPPluginJar : add lorawan
2024-04-09 18:20:35,044 [INFO] IPUIPlugin:80 - create IPUIPlugin
2024-04-09 18:20:35,045 [INFO] PluginManager:220 - loadIPPluginJar : add ltdc
2024-04-09 18:20:35,051 [INFO] IPUIPlugin:80 - create IPUIPlugin
2024-04-09 18:20:35,052 [INFO] PluginManager:220 - loadIPPluginJar : add mdma
2024-04-09 18:20:35,055 [INFO] IPUIPlugin:80 - create IPUIPlugin
2024-04-09 18:20:35,056 [INFO] PluginManager:220 - loadIPPluginJar : add nvic
2024-04-09 18:20:35,059 [INFO] IPUIPlugin:80 - create IPUIPlugin
2024-04-09 18:20:35,060 [INFO] PluginManager:220 - loadIPPluginJar : add opamp
2024-04-09 18:20:35,063 [INFO] IPUIPlugin:80 - create IPUIPlugin
2024-04-09 18:20:35,064 [INFO] PluginManager:220 - loadIPPluginJar : add openamp
2024-04-09 18:20:35,067 [INFO] IPUIPlugin:80 - create IPUIPlugin
2024-04-09 18:20:35,067 [INFO] PluginManager:220 - loadIPPluginJar : add pdm2pcm
2024-04-09 18:20:35,072 [INFO] IPUIPlugin:80 - create IPUIPlugin
2024-04-09 18:20:35,075 [INFO] PluginManager:220 - loadIPPluginJar : add plateformsettings
2024-04-09 18:20:35,078 [INFO] IPUIPlugin:80 - create IPUIPlugin
2024-04-09 18:20:35,079 [INFO] PluginManager:220 - loadIPPluginJar : add quadspi
2024-04-09 18:20:35,082 [INFO] IPUIPlugin:80 - create IPUIPlugin
2024-04-09 18:20:35,083 [INFO] PluginManager:220 - loadIPPluginJar : add resmgrutility
2024-04-09 18:20:35,086 [INFO] IPUIPlugin:80 - create IPUIPlugin
2024-04-09 18:20:35,087 [INFO] PluginManager:220 - loadIPPluginJar : add sai
2024-04-09 18:20:35,089 [INFO] IPUIPlugin:80 - create IPUIPlugin
2024-04-09 18:20:35,090 [INFO] PluginManager:220 - loadIPPluginJar : add spi
2024-04-09 18:20:35,095 [INFO] IPUIPlugin:80 - create IPUIPlugin
2024-04-09 18:20:35,095 [INFO] PluginManager:220 - loadIPPluginJar : add stm32_wpan
2024-04-09 18:20:35,097 [INFO] IPUIPlugin:80 - create IPUIPlugin
2024-04-09 18:20:35,098 [INFO] PluginManager:220 - loadIPPluginJar : add tim
2024-04-09 18:20:35,101 [INFO] IPUIPlugin:80 - create IPUIPlugin
2024-04-09 18:20:35,102 [INFO] PluginManager:220 - loadIPPluginJar : add touchsensing
2024-04-09 18:20:35,104 [INFO] IPUIPlugin:80 - create IPUIPlugin
2024-04-09 18:20:35,104 [INFO] PluginManager:220 - loadIPPluginJar : add tracer_emb
2024-04-09 18:20:35,107 [INFO] IPUIPlugin:80 - create IPUIPlugin
2024-04-09 18:20:35,107 [INFO] PluginManager:220 - loadIPPluginJar : add ts
2024-04-09 18:20:35,109 [INFO] IPUIPlugin:80 - create IPUIPlugin
2024-04-09 18:20:35,110 [INFO] PluginManager:220 - loadIPPluginJar : add tsc
2024-04-09 18:20:35,112 [INFO] IPUIPlugin:80 - create IPUIPlugin
2024-04-09 18:20:35,113 [INFO] PluginManager:220 - loadIPPluginJar : add ucpd
2024-04-09 18:20:35,115 [INFO] IPUIPlugin:80 - create IPUIPlugin
2024-04-09 18:20:35,115 [INFO] PluginManager:220 - loadIPPluginJar : add usart
2024-04-09 18:20:35,118 [INFO] IPUIPlugin:80 - create IPUIPlugin
2024-04-09 18:20:35,119 [INFO] PluginManager:220 - loadIPPluginJar : add usbx
2024-04-09 18:20:35,243 [INFO] CADModel:165 - CPN selected for project level
2024-04-09 18:20:35,244 [INFO] CADModel:114 - Register for checkConnection events
2024-04-09 18:20:35,245 [FATAL] Updater:308 - Updater called before beeing initialized
2024-04-09 18:20:35,246 [ERROR] CADModel:125 - Updater not yet initialized, retry later 
2024-04-09 18:20:35,345 [INFO] CADModel:165 - CPN selected for project level
2024-04-09 18:20:35,346 [INFO] CADModel:114 - Register for checkConnection events
2024-04-09 18:20:35,347 [FATAL] Updater:308 - Updater called before beeing initialized
2024-04-09 18:20:35,348 [ERROR] CADModel:125 - Updater not yet initialized, retry later 
2024-04-09 18:20:35,351 [FATAL] Updater:308 - Updater called before beeing initialized
2024-04-09 18:20:35,461 [FATAL] Updater:308 - Updater called before beeing initialized
2024-04-09 18:20:35,465 [INFO] DbMcusAds:53 - JSON generation date=Wed Nov 29 04:52:27 CST 2023 (1701255147349)
2024-04-09 18:20:35,466 [FATAL] Updater:308 - Updater called before beeing initialized
2024-04-09 18:20:35,496 [WARN] DetailPanel:346 - Failed to get advertising image, set to default
2024-04-09 18:20:35,578 [FATAL] Updater:308 - Updater called before beeing initialized
2024-04-09 18:20:35,580 [FATAL] Updater:308 - Updater called before beeing initialized
2024-04-09 18:20:35,581 [FATAL] Updater:308 - Updater called before beeing initialized
2024-04-09 18:20:35,582 [WARN] DetailPanel:346 - Failed to get advertising image, set to default
2024-04-09 18:20:35,583 [FATAL] Updater:308 - Updater called before beeing initialized
2024-04-09 18:20:35,624 [ERROR] Updater:1120 - MainUpdater not yet initialized. External WinMGr cannot be set.
2024-04-09 18:20:35,627 [INFO] Updater:1056 - Updater Version found : 6.11.0
2024-04-09 18:20:35,647 [INFO] ApplicationProperties:184 - Using Application install path: C:\ST\STM32CubeIDE_1.13.1\STM32CubeIDE\plugins\com.st.stm32cube.common.mx_6.11.0.202403141607
2024-04-09 18:20:37,226 [ERROR] LogOutputStream:75 - [STDERR_REDIRECT] Apr 09, 2024 6:20:37 PM java.util.prefs.WindowsPreferences <init>
2024-04-09 18:20:37,228 [ERROR] LogOutputStream:75 - [STDERR_REDIRECT] WARNING: Could not open/create prefs root node Software\JavaSoft\Prefs at root 0xffffffff80000002. Windows RegCreateKeyEx(...) returned error code 5.
2024-04-09 18:20:37,229 [ERROR] LogOutputStream:75 - [STDERR_REDIRECT] 
2024-04-09 18:20:37,458 [INFO] MainUpdater:2873 - connection check result : 10
2024-04-09 18:20:37,460 [INFO] MainUpdater:290 - Updater Check For Update Now.
2024-04-09 18:20:37,461 [INFO] MicroXplorer:498 - Change Database Version : DB.6.0.110
2024-04-09 18:20:37,467 [INFO] McuFinderGlobals:63 - Set McuFinder mode to 2 (CubeIDE integrated)
2024-04-09 18:20:37,474 [INFO] UserAuth:415 - Internet connection configuration mode: 1
2024-04-09 18:20:37,493 [INFO] JxBrowserEngine:152 - Initiate JxBrowser Engine with user profile folder
2024-04-09 18:20:37,525 [WARN] MainUpdater:1194 - Updater busy. Cannot search thirdparties
2024-04-09 18:20:37,526 [INFO] ThirdPartyUpdaterWithRetryManager:96 - Updater plugin is busy. [1/15]
2024-04-09 18:20:37,622 [INFO] CheckServerUpdateThread:120 - End of CheckServer Thread
2024-04-09 18:20:38,121 [INFO] WebApp:161 - Instantiating new browser for Auth
2024-04-09 18:20:38,580 [INFO] WebApp:779 - Register for checkConnection events
2024-04-09 18:20:38,581 [INFO] WebApp:414 - Apply proxy settings
2024-04-09 18:20:38,582 [INFO] WebApp:499 - Chromium requires no authentication
2024-04-09 18:20:38,587 [INFO] WebApp:442 - Direct internet connection detected
2024-04-09 18:20:38,688 [INFO] WebApp:192 - Starting web application
2024-04-09 18:20:38,689 [INFO] WebApp:544 - Web application path used C:\ST\STM32CubeIDE_1.13.1\STM32CubeIDE\plugins\com.st.stm32cube.common.mx_6.11.0.202403141607\db\plugins\mcufinder\reactClient1\index.html
2024-04-09 18:20:40,696 [WARN] PackLoader:240 - Cannot read IP mode file for STMicroelectronics.X-CUBE-SMBUS.2.1.0
2024-04-09 18:20:40,705 [WARN] PackLoader:240 - Cannot read IP mode file for STMicroelectronics.X-CUBE-TOUCHGFX.4.23.0
2024-04-09 18:20:40,708 [WARN] PackLoader:240 - Cannot read IP mode file for STMicroelectronics.X-CUBE-TOUCHGFX.4.23.2
2024-04-09 18:20:40,736 [WARN] PackLoader:240 - Cannot read IP mode file for STMicroelectronics.X-CUBE-AZRTOS-F7.1.1.0
2024-04-09 18:20:40,745 [WARN] PackLoader:240 - Cannot read IP mode file for STMicroelectronics.FP-SNS-MOTENV1.4.3.2
2024-04-09 18:20:40,753 [WARN] PackLoader:240 - Cannot read IP mode file for STMicroelectronics.FP-SNS-FLIGHT1.5.0.2
2024-04-09 18:20:40,761 [WARN] PackLoader:240 - Cannot read IP mode file for STMicroelectronics.X-CUBE-DISPLAY.3.0.0
2024-04-09 18:20:40,774 [WARN] PackLoader:240 - Cannot read IP mode file for STMicroelectronics.X-CUBE-BLE1.7.0.0
2024-04-09 18:20:40,781 [WARN] PackLoader:240 - Cannot read IP mode file for emotas.I-CUBE-CANOPEN.1.3.0
2024-04-09 18:20:40,794 [WARN] PackLoader:240 - Cannot read IP mode file for STMicroelectronics.X-CUBE-BLEMGR.3.1.0
2024-04-09 18:20:40,803 [WARN] PackLoader:240 - Cannot read IP mode file for STMicroelectronics.FP-SNS-SMARTAG2.1.2.0
2024-04-09 18:20:40,815 [INFO] LogOutputStream:77 - [STDOUT_REDIRECT] 1 : Invalid condition id : UX_CORESTACK_Condition cause : null
2024-04-09 18:20:40,817 [INFO] LogOutputStream:77 - [STDOUT_REDIRECT] 1 : Invalid condition id : UX_CORESTACK_Condition cause : null
2024-04-09 18:20:40,819 [INFO] LogOutputStream:77 - [STDOUT_REDIRECT] 1 : Invalid condition id : UX_CORESTACK_Condition cause : null
2024-04-09 18:20:40,821 [INFO] LogOutputStream:77 - [STDOUT_REDIRECT] 1 : Invalid condition id : UX_CORESTACK_Condition cause : null
2024-04-09 18:20:40,822 [INFO] LogOutputStream:77 - [STDOUT_REDIRECT] 1 : Invalid condition id : UX_CORESTACK_Condition cause : null
2024-04-09 18:20:40,828 [WARN] PackLoader:240 - Cannot read IP mode file for STMicroelectronics.X-CUBE-AZRTOS-WL.2.0.0
2024-04-09 18:20:40,834 [WARN] PackLoader:240 - Cannot read IP mode file for STMicroelectronics.FP-SNS-MOTENV1.5.0.0
2024-04-09 18:20:40,844 [WARN] PackLoader:240 - Cannot read IP mode file for WES.I-CUBE-Cesium.1.3.0
2024-04-09 18:20:40,851 [WARN] PackLoader:240 - Cannot read IP mode file for STMicroelectronics.X-CUBE-BLE2.3.3.0
2024-04-09 18:20:40,861 [WARN] PackLoader:240 - Cannot read IP mode file for STMicroelectronics.X-CUBE-TCPP.4.1.0
2024-04-09 18:20:40,868 [WARN] PackLoader:240 - Cannot read IP mode file for STMicroelectronics.X-CUBE-ALGOBUILD.1.3.0
2024-04-09 18:20:40,884 [WARN] PackLoader:240 - Cannot read IP mode file for STMicroelectronics.X-CUBE-AZRTOS-G0.1.1.0
2024-04-09 18:20:40,894 [WARN] PackLoader:240 - Cannot read IP mode file for STMicroelectronics.X-CUBE-SAFEA1.1.2.2
2024-04-09 18:20:40,901 [WARN] PackLoader:240 - Cannot read IP mode file for STMicroelectronics.X-CUBE-NFC4.3.0.0
2024-04-09 18:20:40,912 [WARN] PackLoader:240 - Cannot read IP mode file for STMicroelectronics.X-CUBE-BLEMGR.3.0.0
2024-04-09 18:20:40,926 [WARN] PackLoader:240 - Cannot read IP mode file for wolfSSL.I-CUBE-wolfSSL.5.7.0
2024-04-09 18:20:40,931 [WARN] PackLoader:240 - Cannot read IP mode file for STMicroelectronics.FP-ATR-SIGFOX1.3.2.0
2024-04-09 18:20:40,939 [WARN] PackLoader:240 - Cannot read IP mode file for STMicroelectronics.X-CUBE-EEPRMA1.5.1.0
2024-04-09 18:20:40,947 [WARN] PackLoader:240 - Cannot read IP mode file for ITTIA_DB.I-CUBE-ITTIADB.8.9.0
2024-04-09 18:20:40,989 [WARN] PackLoader:240 - Cannot read IP mode file for SEGGER.I-CUBE-embOS.1.3.1
2024-04-09 18:20:41,016 [WARN] PackLoader:240 - Cannot read IP mode file for STMicroelectronics.X-CUBE-GNSS1.6.0.0
2024-04-09 18:20:41,030 [WARN] PackLoader:240 - Cannot read IP mode file for STMicroelectronics.X-CUBE-AZRTOS-F4.1.1.0
2024-04-09 18:20:41,036 [WARN] PackLoader:240 - Cannot read IP mode file for wolfSSL.I-CUBE-wolfSSL.5.6.6
2024-04-09 18:20:41,047 [WARN] PackLoader:240 - Cannot read IP mode file for STMicroelectronics.X-CUBE-AZRTOS-L5.2.0.0
2024-04-09 18:20:41,053 [WARN] PackLoader:240 - Cannot read IP mode file for STMicroelectronics.X-CUBE-EEPRMA1.4.2.0
2024-04-09 18:20:41,058 [WARN] PackLoader:240 - Cannot read IP mode file for STMicroelectronics.X-CUBE-NFC6.3.1.0
2024-04-09 18:20:41,065 [WARN] PackLoader:240 - Cannot read IP mode file for ITTIA_DB.I-CUBE-ITTIADB.8.8.0
2024-04-09 18:20:41,070 [WARN] PackLoader:240 - Cannot read IP mode file for STMicroelectronics.X-CUBE-NFC7.1.0.1
2024-04-09 18:20:41,075 [WARN] PackLoader:240 - Cannot read IP mode file for STMicroelectronics.X-CUBE-NFC6.3.0.0
2024-04-09 18:20:41,082 [WARN] PackLoader:240 - Cannot read IP mode file for STMicroelectronics.X-CUBE-AI.8.1.0
2024-04-09 18:20:41,157 [WARN] ConditionMgr:438 - getConditionDescription Invalid condition id : LAN8742 Phy interface Condition cause : null
2024-04-09 18:20:41,158 [WARN] PackLoader:240 - Cannot read IP mode file for STMicroelectronics.X-CUBE-AZRTOS-L4.2.0.0
2024-04-09 18:20:41,160 [WARN] ConditionMgr:1039 - genDependencies : Invalid condition id : LAN8742 Phy interface Condition cause : null
2024-04-09 18:20:41,161 [WARN] ConditionMgr:1039 - genDependencies : Invalid condition id : LAN8742 Phy interface Condition cause : null
2024-04-09 18:20:41,163 [WARN] ConditionMgr:1039 - genDependencies : Invalid condition id : LAN8742 Phy interface Condition cause : null
2024-04-09 18:20:41,169 [WARN] PackLoader:240 - Cannot read IP mode file for STMicroelectronics.X-CUBE-SFXS2LP1.4.0.0
2024-04-09 18:20:41,181 [WARN] ConditionMgr:438 - getConditionDescription Invalid condition id : UX DEVICE CLASS RTOS Condition cause : null
2024-04-09 18:20:41,182 [WARN] ConditionMgr:438 - getConditionDescription Invalid condition id : UX DEVICE CLASS RTOS Condition cause : null
2024-04-09 18:20:41,184 [WARN] PackLoader:240 - Cannot read IP mode file for STMicroelectronics.X-CUBE-AZRTOS-WB.2.0.0
2024-04-09 18:20:41,185 [WARN] ConditionMgr:1039 - genDependencies : Invalid condition id : UX DEVICE CLASS RTOS Condition cause : null
2024-04-09 18:20:41,186 [WARN] ConditionMgr:1039 - genDependencies : Invalid condition id : UX DEVICE CLASS RTOS Condition cause : null
2024-04-09 18:20:41,187 [WARN] ConditionMgr:1039 - genDependencies : Invalid condition id : UX DEVICE CLASS RTOS Condition cause : null
2024-04-09 18:20:41,188 [WARN] ConditionMgr:1039 - genDependencies : Invalid condition id : UX DEVICE CLASS RTOS Condition cause : null
2024-04-09 18:20:41,189 [WARN] ConditionMgr:1039 - genDependencies : Invalid condition id : UX DEVICE CLASS RTOS Condition cause : null
2024-04-09 18:20:41,197 [WARN] PackLoader:240 - Cannot read IP mode file for STMicroelectronics.X-CUBE-SUBG2.5.0.0
2024-04-09 18:20:41,218 [WARN] PackLoader:240 - Cannot read IP mode file for STMicroelectronics.X-CUBE-AZRTOS-G4.2.0.0
2024-04-09 18:20:41,230 [WARN] PackLoader:240 - Cannot read IP mode file for Infineon.AIROC-Wi-Fi-Bluetooth-STM32.1.5.1
2024-04-09 18:20:41,236 [WARN] PackLoader:240 - Cannot read IP mode file for STMicroelectronics.FP-SNS-MOTENVWB1.1.3.1
2024-04-09 18:20:41,241 [WARN] PackLoader:240 - Cannot read IP mode file for STMicroelectronics.X-CUBE-ISPU.2.0.0
2024-04-09 18:20:41,268 [WARN] PackLoader:240 - Cannot read IP mode file for STMicroelectronics.X-CUBE-MEMS1.10.0.0
2024-04-09 18:20:41,336 [WARN] PackLoader:240 - Cannot read IP mode file for STMicroelectronics.X-CUBE-FREERTOS.1.1.0
2024-04-09 18:20:41,342 [WARN] PackLoader:240 - Cannot read IP mode file for portGmbH.I-Cube-SoM-uGOAL.1.1.0
2024-04-09 18:20:41,347 [WARN] PackLoader:240 - Cannot read IP mode file for STMicroelectronics.X-CUBE-ALS.1.0.1
2024-04-09 18:20:41,352 [WARN] PackLoader:240 - Cannot read IP mode file for STMicroelectronics.FP-ATR-ASTRA1.2.0.0
2024-04-09 18:20:41,360 [WARN] PackLoader:240 - Cannot read IP mode file for STMicroelectronics.X-CUBE-TOF1.3.4.0
2024-04-09 18:20:41,378 [WARN] PackLoader:240 - Cannot read IP mode file for STMicroelectronics.X-CUBE-TOF1.3.4.1
2024-04-09 18:20:41,401 [WARN] PackLoader:240 - Cannot read IP mode file for STMicroelectronics.X-CUBE-AZRTOS-H7.3.2.0
2024-04-09 18:20:41,410 [WARN] PackLoader:240 - Cannot read IP mode file for Infineon.AIROC-Wi-Fi-Bluetooth-STM32.1.6.0
2024-04-09 18:20:41,413 [INFO] ThirdParty:978 - Integrity check success = true
2024-04-09 18:20:41,414 [INFO] IntegrityCheckThread:100 - exiting critical section [integrity check]
2024-04-09 18:20:41,414 [INFO] IntegrityCheckThread:103 - End integrity checks thread
2024-04-09 18:20:43,255 [INFO] McuFinderGlobals:63 - Set McuFinder mode to 2 (CubeIDE integrated)
2024-04-09 18:20:43,258 [INFO] MainUpdater:2873 - connection check result : 10
2024-04-09 18:20:43,503 [INFO] ApiDb:581 - Connected to CubeFinder SQLite database (C:\Users\ryfu2\.stmcufinder\plugins\mcufinder\mcu\cube-finder-db.db)
2024-04-09 18:20:43,550 [INFO] ApiDb:668 - CubeFinder database Data Model version=2.1
2024-04-09 18:20:43,552 [INFO] ApiDb:669 - CubeFinder database Configuration version=3.0.39
2024-04-09 18:20:43,552 [INFO] ApiDb:670 - CubeFinder database generation date=2024-03-25 (1711369621)
2024-04-09 18:20:43,553 [INFO] ApiDb:671 - CubeFinder database FW Pack versions=[FP-ATR-ASTRA1_V2.0.0, FP-SNS-FLIGHT1_V5.0.1, FP-SNS-FLIGHT1_V5.0.2, FP-SNS-MOTENV1_V4.3.1, FP-SNS-MOTENV1_V4.3.2, FP-SNS-MOTENVWB1_V1.3.1, FP-SNS-SMARTAG2_V1.2.0, STM32Cube_FW_C0_V1.1.0, STM32Cube_FW_F4_V1.28.0, STM32Cube_FW_F7_V1.17.0, STM32Cube_FW_G0_V1.6.2, STM32Cube_FW_G4_V1.5.2, STM32Cube_FW_H5_V0.5.1, STM32Cube_FW_H5_V1.1.1, STM32Cube_FW_H5_V1.2.0, STM32Cube_FW_H5_V1.2.0RC4, STM32Cube_FW_H7RS_V1.0.0, STM32Cube_FW_H7RS_V1.0.0RC4, STM32Cube_FW_H7_V1.11.0, STM32Cube_FW_L0_V1.12.2, STM32Cube_FW_L5_V1.5.1, STM32Cube_FW_U0_V1.0.0, STM32Cube_FW_U0_V1.0.0RC1, STM32Cube_FW_U5_V1.3.0RC4, STM32Cube_FW_U5_V1.5.0, STM32Cube_FW_U5_V1.5.0RC1, STM32Cube_FW_WBA_V1.0.0RC1, STM32Cube_FW_WBA_V1.2.0, STM32Cube_FW_WBA_V1.2.0RC2, STM32Cube_FW_WBA_V1.3.0, STM32Cube_FW_WBA_V1.3.0RC1, STM32Cube_FW_WB_V1.15.0RC1, STM32Cube_FW_WB_V1.16.0, STM32Cube_FW_WB_V1.16.0RC2, STM32Cube_FW_WB_V1.18.0, STM32Cube_FW_WB_V1.19.0, STM32Cube_FW_WL_V1.3.0, X-CUBE-ALGOBUILD_V1.3.0, X-CUBE-ALS_V1.0.1, X-CUBE-AZRTOS-F4_V1.1.0, X-CUBE-AZRTOS-F7_V1.1.0, X-CUBE-AZRTOS-G0_V1.1.0, X-CUBE-AZRTOS-G4_V2.0.0, X-CUBE-AZRTOS-H7_V3.2.0, X-CUBE-AZRTOS-L4_V1.0.0, X-CUBE-AZRTOS-L4_V2.0.0, X-CUBE-AZRTOS-L5_V1.1.0, X-CUBE-AZRTOS-WB_V2.0.0, X-CUBE-AZRTOS-WL_V2.0.0, X-CUBE-BLE1_V7.0.0, X-CUBE-BLE2_V3.3.0, X-CUBE-BLEMGR_V3.1.0, X-CUBE-EEPRMA1_V4.1.0, X-CUBE-EEPRMA1_V5.1.0, X-CUBE-FREERTOS_V1.1.0, X-CUBE-GNSS1_V6.0.0, X-CUBE-MEMS1_V10.0.0, X-CUBE-MEMS1_V9.1.0, X-CUBE-MEMS1_V9.4.0, X-CUBE-MEMS1_V9.6.0, X-CUBE-NFC4_V3.0.0, X-CUBE-NFC7_V1.0.1, X-CUBE-SFXS2LP1_V4.0.0, X-CUBE-SUBG2_V5.0.0, X-CUBE-TOF1_V3.4.0]
2024-04-09 18:20:43,603 [INFO] DbBoardsSqlite:226 - include board P-NUCLEO-WB55-NUCLEO as a kit item of type 'Nucleo-64'
2024-04-09 18:20:43,604 [INFO] DbBoardsSqlite:226 - include board P-NUCLEO-WB55-USBDONGLE as a kit item of type 'Nucleo USB Dongle'
2024-04-09 18:20:43,604 [INFO] DbBoardsSqlite:226 - include board STEVAL-IDP005V1 as a kit item of type 'Evaluation Board'
2024-04-09 18:20:43,605 [INFO] DbBoardsSqlite:226 - include board STEVAL-IDP005V2 as a kit item of type 'Evaluation Board'
2024-04-09 18:20:43,646 [INFO] ApiDb:240 - Found 483 in-development CPN: [B-G473E-ZEST1S, B-WB1M-WPAN1, B-WL5M-SUBG1, NUCLEO-C031C6, NUCLEO-H503RB, NUCLEO-H533RE, NUCLEO-H563ZI, NUCLEO-H7S3L8, NUCLEO-U031R8, NUCLEO-U083RC, NUCLEO-U545RE-Q, NUCLEO-U5A5ZJ-Q, NUCLEO-WBA52CG, NUCLEO-WBA55CG, STEVAL-PROTEUS1, STEVAL-SMARTAG2, STEVAL-STWINBX1, STM320518-EVAL, STM32C0116-DK, STM32C011D6Y3TR, STM32C011D6Y6TR, STM32C011F4P3, STM32C011F4P6, STM32C011F4U3, STM32C011F4U6TR, STM32C011F6P3, STM32C011F6P6, STM32C011F6U3, STM32C011F6U6TR, STM32C011J4M3, STM32C011J4M6, STM32C011J6M3, STM32C011J6M6, STM32C0316-DK, STM32C031C4T3, STM32C031C4T6, STM32C031C4U3, STM32C031C4U6, STM32C031C6T3, STM32C031C6T6, STM32C031C6U3, STM32C031C6U6, STM32C031F4P3, STM32C031F4P6, STM32C031F6P3, STM32C031F6P6, STM32C031G4U3, STM32C031G4U6, STM32C031G6U3, STM32C031G6U6, STM32C031K4T3, STM32C031K4T6, STM32C031K4U3, STM32C031K4U6, STM32C031K6T3, STM32C031K6T6, STM32C031K6U3, STM32C031K6U6, STM32G071K8TXN, STM32G071K8UXN, STM32G081GBU6N, STM32G081KBT6N, STM32G081KBUXN, STM32G0B1CCT6N, STM32G0B1KCT6, STM32G0B1NEY6TR, STM32G0B1RCT6N, STM32G0C1CCT6, STM32G0C1CCT6N, STM32G0C1CCU6N, STM32G0C1CET6N, STM32G0C1CEU6N, STM32G0C1KCT6, STM32G0C1NEY6TR, STM32G0C1RCI6N, STM32G0C1RCT6N, STM32G0C1REI6N, STM32G0C1RET6N, STM32G0C1VCI6, STM32G0C1VEI6, STM32G471CCT6, STM32G471CCU6, STM32G471CET3, STM32G471CET6, STM32G471CEU3, STM32G471CEU6, STM32G471MCT6, STM32G471MET3, STM32G471MET6, STM32G471MEY6TR, STM32G471QCT6, STM32G471QET3, STM32G471RCT6, STM32G471RET3, STM32G471RET6, STM32G471VCH6, STM32G471VCI6, STM32G471VCT6, STM32G471VEH3, STM32G471VEH6, STM32G471VEI3, STM32G471VEI6, STM32G471VET3, STM32G471VET6, STM32G474CCT6, STM32H503CBT6, STM32H503CBU6, STM32H503EBY6TR, STM32H503KBU6, STM32H503RBT6, STM32H523CCT6, STM32H523CCU6, STM32H523CET6, STM32H523CEU6, STM32H523HEY6TR, STM32H523RCT6, STM32H523RET6, STM32H523VCI6, STM32H523VCT6, STM32H523VEI6, STM32H523VET6, STM32H523ZCJ6, STM32H523ZCT6, STM32H523ZEJ6, STM32H523ZET6, STM32H533CET6, STM32H533CEU6, STM32H533HEY6TR, STM32H533RET6, STM32H533VEI6, STM32H533VET6, STM32H533ZEJ6, STM32H533ZET6, STM32H562AGI6, STM32H562AII6, STM32H562IGK6, STM32H562IGT6, STM32H562IIK6, STM32H562IIT6, STM32H562RGT6, STM32H562RGV6, STM32H562RIT6, STM32H562RIV6, STM32H562VGT6, STM32H562VIT6, STM32H562ZGT6, STM32H562ZIT6, STM32H563AGI6, STM32H563AII3Q, STM32H563AII6, STM32H563IGK6, STM32H563IGT6, STM32H563IIK3Q, STM32H563IIK6, STM32H563IIT3Q, STM32H563IIT6, STM32H563MIY3QTR, STM32H563RGT6, STM32H563RGV6, STM32H563RIT6, STM32H563RIV6, STM32H563VGT6, STM32H563VIT3Q, STM32H563VIT6, STM32H563ZGT6, STM32H563ZIT3Q, STM32H563ZIT6, STM32H573AII3Q, STM32H573AII6, STM32H573I-DK, STM32H573IIK3Q, STM32H573IIK6, STM32H573IIT3Q, STM32H573IIT6, STM32H573MIY3QTR, STM32H573RIT6, STM32H573RIV6, STM32H573VIT3Q, STM32H573VIT6, STM32H573ZIT3Q, STM32H573ZIT6, STM32H7R3A8I6, STM32H7R3I8K6, STM32H7R3I8T6, STM32H7R3L8H6, STM32H7R3L8H6H, STM32H7R3R8V6, STM32H7R3V8H6, STM32H7R3V8T6, STM32H7R3V8Y6, STM32H7R3Z8J6, STM32H7R3Z8T6, STM32H7R7A8I6, STM32H7R7I8K6, STM32H7R7I8T6, STM32H7R7L8H6, STM32H7R7L8H6H, STM32H7R7Z8J6, STM32H7S3A8I6, STM32H7S3I8K6, STM32H7S3I8T6, STM32H7S3L8H6, STM32H7S3L8H6H, STM32H7S3R8V6, STM32H7S3V8H6, STM32H7S3V8T6, STM32H7S3V8Y6, STM32H7S3Z8J6, STM32H7S3Z8T6, STM32H7S78-DK, STM32H7S7A8I6, STM32H7S7I8K6, STM32H7S7I8T6, STM32H7S7L8H6, STM32H7S7L8H6H, STM32H7S7Z8J6, STM32L4R5QGI6STR, STM32MP131AAE3, STM32MP131AAF3, STM32MP131AAG3, STM32MP131CAE3, STM32MP131CAF3, STM32MP131CAG3, STM32MP131DAE7, STM32MP131DAF7, STM32MP131DAG7, STM32MP131FAE7, STM32MP131FAF7, STM32MP131FAG7, STM32MP133AAE3, STM32MP133AAF3, STM32MP133AAG3, STM32MP133CAE3, STM32MP133CAF3, STM32MP133CAG3, STM32MP133DAE7, STM32MP133DAF7, STM32MP133DAG7, STM32MP133FAE7, STM32MP133FAF7, STM32MP133FAG7, STM32MP135AAE3, STM32MP135AAF3, STM32MP135AAG3, STM32MP135CAE3, STM32MP135CAF3, STM32MP135CAG3, STM32MP135DAE7, STM32MP135DAF7, STM32MP135DAG7, STM32MP135F-DK, STM32MP135FAE7, STM32MP135FAF7, STM32MP135FAF7T, STM32MP135FAF7U, STM32MP135FAG7, STM32U031C6T6, STM32U031C6U6, STM32U031C8T6, STM32U031C8U6, STM32U031F4P6, STM32U031F6P6, STM32U031F8P6, STM32U031G6Y6TR, STM32U031G8Y6TR, STM32U031K4U6, STM32U031K6U6, STM32U031K8U6, STM32U031R6I6, STM32U031R6T6, STM32U031R8I6, STM32U031R8T6, STM32U073C8T6, STM32U073C8U6, STM32U073CBT6, STM32U073CBU6, STM32U073CCT6, STM32U073CCU6, STM32U073H8Y6TR, STM32U073HBY6TR, STM32U073HCY6TR, STM32U073K8U6, STM32U073KBU6, STM32U073KCU6, STM32U073M8I6, STM32U073M8T6, STM32U073MBI6, STM32U073MBT6, STM32U073MCI6, STM32U073MCT6, STM32U073R8I6, STM32U073R8T6, STM32U073RBI6, STM32U073RBT6, STM32U073RCI6, STM32U073RCT6, STM32U083C-DK, STM32U083CCT6, STM32U083CCU6, STM32U083HCY6TR, STM32U083KCU6, STM32U083MCI6, STM32U083MCT6, STM32U083RCI6, STM32U083RCT6, STM32U535CBT6, STM32U535CBT6Q, STM32U535CBU6, STM32U535CBU6Q, STM32U535CCT6, STM32U535CCT6Q, STM32U535CCU6, STM32U535CCU6Q, STM32U535CET6, STM32U535CET6Q, STM32U535CEU6, STM32U535CEU6Q, STM32U535JEY6QTR, STM32U535NCY6QTR, STM32U535NEY6QTR, STM32U535RBI6, STM32U535RBI6Q, STM32U535RBT6, STM32U535RBT6Q, STM32U535RCI6, STM32U535RCI6Q, STM32U535RCT6, STM32U535RCT6Q, STM32U535REI6, STM32U535REI6Q, STM32U535RET6, STM32U535RET6Q, STM32U535VCI6, STM32U535VCI6Q, STM32U535VCT6, STM32U535VCT6Q, STM32U535VEI6, STM32U535VEI6Q, STM32U535VET6, STM32U535VET6Q, STM32U545CET6, STM32U545CET6Q, STM32U545CEU6, STM32U545CEU6Q, STM32U545JEY6QTR, STM32U545NEY6QTR, STM32U545REI6, STM32U545REI6Q, STM32U545RET6, STM32U545RET6Q, STM32U545VEI6, STM32U545VEI6Q, STM32U545VET6, STM32U545VET6Q, STM32U595AIH6, STM32U595AIH6Q, STM32U595AJH6, STM32U595AJH6Q, STM32U595QII6, STM32U595QII6Q, STM32U595QJI6, STM32U595QJI6Q, STM32U595RIT6, STM32U595RIT6Q, STM32U595RJT6, STM32U595RJT6Q, STM32U595VIT6, STM32U595VIT6Q, STM32U595VJT6, STM32U595VJT6Q, STM32U595ZIT6, STM32U595ZIT6Q, STM32U595ZIY6QTR, STM32U595ZJT6, STM32U595ZJT6Q, STM32U595ZJY6QTR, STM32U599BJY6QTR, STM32U599NIH6Q, STM32U599NJH6Q, STM32U599VIT6Q, STM32U599VJT6, STM32U599VJT6Q, STM32U599ZIT6Q, STM32U599ZIY6QTR, STM32U599ZJT6Q, STM32U599ZJY6QTR, STM32U5A5AJH6, STM32U5A5AJH6Q, STM32U5A5QII3Q , STM32U5A5QJI6, STM32U5A5QJI6Q, STM32U5A5RJT6, STM32U5A5RJT6Q, STM32U5A5VJT6, STM32U5A5VJT6Q, STM32U5A5ZJT6, STM32U5A5ZJT6Q, STM32U5A5ZJY6QTR, STM32U5A9BJY6QTR, STM32U5A9J-DK, STM32U5A9NJH6Q, STM32U5A9VJT6Q, STM32U5A9ZJT6Q, STM32U5A9ZJY6QTR, STM32U5F7VIT6, STM32U5F7VIT6Q, STM32U5F7VJT6, STM32U5F7VJT6Q, STM32U5F9BJY6QTR, STM32U5F9NJH6Q, STM32U5F9VIT6Q, STM32U5F9VJT6Q, STM32U5F9ZIJ6QTR, STM32U5F9ZIT6Q, STM32U5F9ZJJ6QTR, STM32U5F9ZJT6Q, STM32U5G7VJT6, STM32U5G7VJT6Q, STM32U5G9BJY6QTR, STM32U5G9J-DK1, STM32U5G9J-DK2, STM32U5G9NJH6Q, STM32U5G9VJT6Q, STM32U5G9ZJJ6QTR, STM32U5G9ZJT6Q, STM32WB1MMCH6, STM32WBA50KEU6, STM32WBA50KEU6TR, STM32WBA50KGU6, STM32WBA50KGU6TR, STM32WBA52CEU6, STM32WBA52CEU6TR, STM32WBA52CEU7, STM32WBA52CEU7TR, STM32WBA52CGU6, STM32WBA52CGU6TR, STM32WBA52CGU6U, STM32WBA52CGU7, STM32WBA52CGU7TR, STM32WBA52KEU6, STM32WBA52KEU6TR, STM32WBA52KGU6, STM32WBA52KGU6TR, STM32WBA54CEU6, STM32WBA54CEU6TR, STM32WBA54CEU7, STM32WBA54CEU7TR, STM32WBA54CGU6, STM32WBA54CGU6TR, STM32WBA54CGU7, STM32WBA54CGU7TR, STM32WBA54KEU6, STM32WBA54KEU6TR, STM32WBA54KEU7, STM32WBA54KEU7TR, STM32WBA54KGU6, STM32WBA54KGU6TR, STM32WBA54KGU7, STM32WBA54KGU7TR, STM32WBA55CEU6, STM32WBA55CEU6TR, STM32WBA55CEU7, STM32WBA55CEU7TR, STM32WBA55CGU6, STM32WBA55CGU6TR, STM32WBA55CGU6U, STM32WBA55CGU7, STM32WBA55CGU7TR, STM32WBA55G-DK1, STM32WBA55HEF6, STM32WBA55HEF7, STM32WBA55HGF6, STM32WBA55HGF7, STM32WBA55UEI6, STM32WBA55UEI6TR, STM32WBA55UEI7, STM32WBA55UEI7TR, STM32WBA55UGI6, STM32WBA55UGI6TR, STM32WBA55UGI7, STM32WBA55UGI7TR, STM32WL5MOCH6, STM32WL5MOCH6TR]
2024-04-09 18:20:43,747 [INFO] BoardInfo:889 - No configuration file found for board P-NUCLEO-WB55
2024-04-09 18:20:43,749 [INFO] DbBoards:161 - Kit is not supported: P-NUCLEO-WB55
2024-04-09 18:20:43,756 [INFO] BoardInfo:889 - No configuration file found for board STEVAL-BFA001V1B
2024-04-09 18:20:43,757 [INFO] DbBoards:161 - Kit is not supported: STEVAL-BFA001V1B
2024-04-09 18:20:43,759 [INFO] BoardInfo:889 - No configuration file found for board STEVAL-BFA001V2B
2024-04-09 18:20:43,760 [INFO] DbBoards:161 - Kit is not supported: STEVAL-BFA001V2B
2024-04-09 18:20:43,866 [INFO] DbBoards:168 - Found 199 boards, 196 are supported
2024-04-09 18:20:43,867 [INFO] DbBoards:169 - Found 199 boards, 8 of them is supported for  Bsp
2024-04-09 18:20:43,870 [INFO] ApiDb:668 - CubeFinder database Data Model version=2.1
2024-04-09 18:20:43,871 [INFO] ApiDb:669 - CubeFinder database Configuration version=3.0.39
2024-04-09 18:20:43,871 [INFO] ApiDb:670 - CubeFinder database generation date=2024-03-25 (1711369621)
2024-04-09 18:20:43,872 [INFO] ApiDb:671 - CubeFinder database FW Pack versions=[FP-ATR-ASTRA1_V2.0.0, FP-SNS-FLIGHT1_V5.0.1, FP-SNS-FLIGHT1_V5.0.2, FP-SNS-MOTENV1_V4.3.1, FP-SNS-MOTENV1_V4.3.2, FP-SNS-MOTENVWB1_V1.3.1, FP-SNS-SMARTAG2_V1.2.0, STM32Cube_FW_C0_V1.1.0, STM32Cube_FW_F4_V1.28.0, STM32Cube_FW_F7_V1.17.0, STM32Cube_FW_G0_V1.6.2, STM32Cube_FW_G4_V1.5.2, STM32Cube_FW_H5_V0.5.1, STM32Cube_FW_H5_V1.1.1, STM32Cube_FW_H5_V1.2.0, STM32Cube_FW_H5_V1.2.0RC4, STM32Cube_FW_H7RS_V1.0.0, STM32Cube_FW_H7RS_V1.0.0RC4, STM32Cube_FW_H7_V1.11.0, STM32Cube_FW_L0_V1.12.2, STM32Cube_FW_L5_V1.5.1, STM32Cube_FW_U0_V1.0.0, STM32Cube_FW_U0_V1.0.0RC1, STM32Cube_FW_U5_V1.3.0RC4, STM32Cube_FW_U5_V1.5.0, STM32Cube_FW_U5_V1.5.0RC1, STM32Cube_FW_WBA_V1.0.0RC1, STM32Cube_FW_WBA_V1.2.0, STM32Cube_FW_WBA_V1.2.0RC2, STM32Cube_FW_WBA_V1.3.0, STM32Cube_FW_WBA_V1.3.0RC1, STM32Cube_FW_WB_V1.15.0RC1, STM32Cube_FW_WB_V1.16.0, STM32Cube_FW_WB_V1.16.0RC2, STM32Cube_FW_WB_V1.18.0, STM32Cube_FW_WB_V1.19.0, STM32Cube_FW_WL_V1.3.0, X-CUBE-ALGOBUILD_V1.3.0, X-CUBE-ALS_V1.0.1, X-CUBE-AZRTOS-F4_V1.1.0, X-CUBE-AZRTOS-F7_V1.1.0, X-CUBE-AZRTOS-G0_V1.1.0, X-CUBE-AZRTOS-G4_V2.0.0, X-CUBE-AZRTOS-H7_V3.2.0, X-CUBE-AZRTOS-L4_V1.0.0, X-CUBE-AZRTOS-L4_V2.0.0, X-CUBE-AZRTOS-L5_V1.1.0, X-CUBE-AZRTOS-WB_V2.0.0, X-CUBE-AZRTOS-WL_V2.0.0, X-CUBE-BLE1_V7.0.0, X-CUBE-BLE2_V3.3.0, X-CUBE-BLEMGR_V3.1.0, X-CUBE-EEPRMA1_V4.1.0, X-CUBE-EEPRMA1_V5.1.0, X-CUBE-FREERTOS_V1.1.0, X-CUBE-GNSS1_V6.0.0, X-CUBE-MEMS1_V10.0.0, X-CUBE-MEMS1_V9.1.0, X-CUBE-MEMS1_V9.4.0, X-CUBE-MEMS1_V9.6.0, X-CUBE-NFC4_V3.0.0, X-CUBE-NFC7_V1.0.1, X-CUBE-SFXS2LP1_V4.0.0, X-CUBE-SUBG2_V5.0.0, X-CUBE-TOF1_V3.4.0]
2024-04-09 18:20:45,137 [INFO] ApiDb:240 - Found 483 in-development CPN: [B-G473E-ZEST1S, B-WB1M-WPAN1, B-WL5M-SUBG1, NUCLEO-C031C6, NUCLEO-H503RB, NUCLEO-H533RE, NUCLEO-H563ZI, NUCLEO-H7S3L8, NUCLEO-U031R8, NUCLEO-U083RC, NUCLEO-U545RE-Q, NUCLEO-U5A5ZJ-Q, NUCLEO-WBA52CG, NUCLEO-WBA55CG, STEVAL-PROTEUS1, STEVAL-SMARTAG2, STEVAL-STWINBX1, STM320518-EVAL, STM32C0116-DK, STM32C011D6Y3TR, STM32C011D6Y6TR, STM32C011F4P3, STM32C011F4P6, STM32C011F4U3, STM32C011F4U6TR, STM32C011F6P3, STM32C011F6P6, STM32C011F6U3, STM32C011F6U6TR, STM32C011J4M3, STM32C011J4M6, STM32C011J6M3, STM32C011J6M6, STM32C0316-DK, STM32C031C4T3, STM32C031C4T6, STM32C031C4U3, STM32C031C4U6, STM32C031C6T3, STM32C031C6T6, STM32C031C6U3, STM32C031C6U6, STM32C031F4P3, STM32C031F4P6, STM32C031F6P3, STM32C031F6P6, STM32C031G4U3, STM32C031G4U6, STM32C031G6U3, STM32C031G6U6, STM32C031K4T3, STM32C031K4T6, STM32C031K4U3, STM32C031K4U6, STM32C031K6T3, STM32C031K6T6, STM32C031K6U3, STM32C031K6U6, STM32G071K8TXN, STM32G071K8UXN, STM32G081GBU6N, STM32G081KBT6N, STM32G081KBUXN, STM32G0B1CCT6N, STM32G0B1KCT6, STM32G0B1NEY6TR, STM32G0B1RCT6N, STM32G0C1CCT6, STM32G0C1CCT6N, STM32G0C1CCU6N, STM32G0C1CET6N, STM32G0C1CEU6N, STM32G0C1KCT6, STM32G0C1NEY6TR, STM32G0C1RCI6N, STM32G0C1RCT6N, STM32G0C1REI6N, STM32G0C1RET6N, STM32G0C1VCI6, STM32G0C1VEI6, STM32G471CCT6, STM32G471CCU6, STM32G471CET3, STM32G471CET6, STM32G471CEU3, STM32G471CEU6, STM32G471MCT6, STM32G471MET3, STM32G471MET6, STM32G471MEY6TR, STM32G471QCT6, STM32G471QET3, STM32G471RCT6, STM32G471RET3, STM32G471RET6, STM32G471VCH6, STM32G471VCI6, STM32G471VCT6, STM32G471VEH3, STM32G471VEH6, STM32G471VEI3, STM32G471VEI6, STM32G471VET3, STM32G471VET6, STM32G474CCT6, STM32H503CBT6, STM32H503CBU6, STM32H503EBY6TR, STM32H503KBU6, STM32H503RBT6, STM32H523CCT6, STM32H523CCU6, STM32H523CET6, STM32H523CEU6, STM32H523HEY6TR, STM32H523RCT6, STM32H523RET6, STM32H523VCI6, STM32H523VCT6, STM32H523VEI6, STM32H523VET6, STM32H523ZCJ6, STM32H523ZCT6, STM32H523ZEJ6, STM32H523ZET6, STM32H533CET6, STM32H533CEU6, STM32H533HEY6TR, STM32H533RET6, STM32H533VEI6, STM32H533VET6, STM32H533ZEJ6, STM32H533ZET6, STM32H562AGI6, STM32H562AII6, STM32H562IGK6, STM32H562IGT6, STM32H562IIK6, STM32H562IIT6, STM32H562RGT6, STM32H562RGV6, STM32H562RIT6, STM32H562RIV6, STM32H562VGT6, STM32H562VIT6, STM32H562ZGT6, STM32H562ZIT6, STM32H563AGI6, STM32H563AII3Q, STM32H563AII6, STM32H563IGK6, STM32H563IGT6, STM32H563IIK3Q, STM32H563IIK6, STM32H563IIT3Q, STM32H563IIT6, STM32H563MIY3QTR, STM32H563RGT6, STM32H563RGV6, STM32H563RIT6, STM32H563RIV6, STM32H563VGT6, STM32H563VIT3Q, STM32H563VIT6, STM32H563ZGT6, STM32H563ZIT3Q, STM32H563ZIT6, STM32H573AII3Q, STM32H573AII6, STM32H573I-DK, STM32H573IIK3Q, STM32H573IIK6, STM32H573IIT3Q, STM32H573IIT6, STM32H573MIY3QTR, STM32H573RIT6, STM32H573RIV6, STM32H573VIT3Q, STM32H573VIT6, STM32H573ZIT3Q, STM32H573ZIT6, STM32H7R3A8I6, STM32H7R3I8K6, STM32H7R3I8T6, STM32H7R3L8H6, STM32H7R3L8H6H, STM32H7R3R8V6, STM32H7R3V8H6, STM32H7R3V8T6, STM32H7R3V8Y6, STM32H7R3Z8J6, STM32H7R3Z8T6, STM32H7R7A8I6, STM32H7R7I8K6, STM32H7R7I8T6, STM32H7R7L8H6, STM32H7R7L8H6H, STM32H7R7Z8J6, STM32H7S3A8I6, STM32H7S3I8K6, STM32H7S3I8T6, STM32H7S3L8H6, STM32H7S3L8H6H, STM32H7S3R8V6, STM32H7S3V8H6, STM32H7S3V8T6, STM32H7S3V8Y6, STM32H7S3Z8J6, STM32H7S3Z8T6, STM32H7S78-DK, STM32H7S7A8I6, STM32H7S7I8K6, STM32H7S7I8T6, STM32H7S7L8H6, STM32H7S7L8H6H, STM32H7S7Z8J6, STM32L4R5QGI6STR, STM32MP131AAE3, STM32MP131AAF3, STM32MP131AAG3, STM32MP131CAE3, STM32MP131CAF3, STM32MP131CAG3, STM32MP131DAE7, STM32MP131DAF7, STM32MP131DAG7, STM32MP131FAE7, STM32MP131FAF7, STM32MP131FAG7, STM32MP133AAE3, STM32MP133AAF3, STM32MP133AAG3, STM32MP133CAE3, STM32MP133CAF3, STM32MP133CAG3, STM32MP133DAE7, STM32MP133DAF7, STM32MP133DAG7, STM32MP133FAE7, STM32MP133FAF7, STM32MP133FAG7, STM32MP135AAE3, STM32MP135AAF3, STM32MP135AAG3, STM32MP135CAE3, STM32MP135CAF3, STM32MP135CAG3, STM32MP135DAE7, STM32MP135DAF7, STM32MP135DAG7, STM32MP135F-DK, STM32MP135FAE7, STM32MP135FAF7, STM32MP135FAF7T, STM32MP135FAF7U, STM32MP135FAG7, STM32U031C6T6, STM32U031C6U6, STM32U031C8T6, STM32U031C8U6, STM32U031F4P6, STM32U031F6P6, STM32U031F8P6, STM32U031G6Y6TR, STM32U031G8Y6TR, STM32U031K4U6, STM32U031K6U6, STM32U031K8U6, STM32U031R6I6, STM32U031R6T6, STM32U031R8I6, STM32U031R8T6, STM32U073C8T6, STM32U073C8U6, STM32U073CBT6, STM32U073CBU6, STM32U073CCT6, STM32U073CCU6, STM32U073H8Y6TR, STM32U073HBY6TR, STM32U073HCY6TR, STM32U073K8U6, STM32U073KBU6, STM32U073KCU6, STM32U073M8I6, STM32U073M8T6, STM32U073MBI6, STM32U073MBT6, STM32U073MCI6, STM32U073MCT6, STM32U073R8I6, STM32U073R8T6, STM32U073RBI6, STM32U073RBT6, STM32U073RCI6, STM32U073RCT6, STM32U083C-DK, STM32U083CCT6, STM32U083CCU6, STM32U083HCY6TR, STM32U083KCU6, STM32U083MCI6, STM32U083MCT6, STM32U083RCI6, STM32U083RCT6, STM32U535CBT6, STM32U535CBT6Q, STM32U535CBU6, STM32U535CBU6Q, STM32U535CCT6, STM32U535CCT6Q, STM32U535CCU6, STM32U535CCU6Q, STM32U535CET6, STM32U535CET6Q, STM32U535CEU6, STM32U535CEU6Q, STM32U535JEY6QTR, STM32U535NCY6QTR, STM32U535NEY6QTR, STM32U535RBI6, STM32U535RBI6Q, STM32U535RBT6, STM32U535RBT6Q, STM32U535RCI6, STM32U535RCI6Q, STM32U535RCT6, STM32U535RCT6Q, STM32U535REI6, STM32U535REI6Q, STM32U535RET6, STM32U535RET6Q, STM32U535VCI6, STM32U535VCI6Q, STM32U535VCT6, STM32U535VCT6Q, STM32U535VEI6, STM32U535VEI6Q, STM32U535VET6, STM32U535VET6Q, STM32U545CET6, STM32U545CET6Q, STM32U545CEU6, STM32U545CEU6Q, STM32U545JEY6QTR, STM32U545NEY6QTR, STM32U545REI6, STM32U545REI6Q, STM32U545RET6, STM32U545RET6Q, STM32U545VEI6, STM32U545VEI6Q, STM32U545VET6, STM32U545VET6Q, STM32U595AIH6, STM32U595AIH6Q, STM32U595AJH6, STM32U595AJH6Q, STM32U595QII6, STM32U595QII6Q, STM32U595QJI6, STM32U595QJI6Q, STM32U595RIT6, STM32U595RIT6Q, STM32U595RJT6, STM32U595RJT6Q, STM32U595VIT6, STM32U595VIT6Q, STM32U595VJT6, STM32U595VJT6Q, STM32U595ZIT6, STM32U595ZIT6Q, STM32U595ZIY6QTR, STM32U595ZJT6, STM32U595ZJT6Q, STM32U595ZJY6QTR, STM32U599BJY6QTR, STM32U599NIH6Q, STM32U599NJH6Q, STM32U599VIT6Q, STM32U599VJT6, STM32U599VJT6Q, STM32U599ZIT6Q, STM32U599ZIY6QTR, STM32U599ZJT6Q, STM32U599ZJY6QTR, STM32U5A5AJH6, STM32U5A5AJH6Q, STM32U5A5QII3Q , STM32U5A5QJI6, STM32U5A5QJI6Q, STM32U5A5RJT6, STM32U5A5RJT6Q, STM32U5A5VJT6, STM32U5A5VJT6Q, STM32U5A5ZJT6, STM32U5A5ZJT6Q, STM32U5A5ZJY6QTR, STM32U5A9BJY6QTR, STM32U5A9J-DK, STM32U5A9NJH6Q, STM32U5A9VJT6Q, STM32U5A9ZJT6Q, STM32U5A9ZJY6QTR, STM32U5F7VIT6, STM32U5F7VIT6Q, STM32U5F7VJT6, STM32U5F7VJT6Q, STM32U5F9BJY6QTR, STM32U5F9NJH6Q, STM32U5F9VIT6Q, STM32U5F9VJT6Q, STM32U5F9ZIJ6QTR, STM32U5F9ZIT6Q, STM32U5F9ZJJ6QTR, STM32U5F9ZJT6Q, STM32U5G7VJT6, STM32U5G7VJT6Q, STM32U5G9BJY6QTR, STM32U5G9J-DK1, STM32U5G9J-DK2, STM32U5G9NJH6Q, STM32U5G9VJT6Q, STM32U5G9ZJJ6QTR, STM32U5G9ZJT6Q, STM32WB1MMCH6, STM32WBA50KEU6, STM32WBA50KEU6TR, STM32WBA50KGU6, STM32WBA50KGU6TR, STM32WBA52CEU6, STM32WBA52CEU6TR, STM32WBA52CEU7, STM32WBA52CEU7TR, STM32WBA52CGU6, STM32WBA52CGU6TR, STM32WBA52CGU6U, STM32WBA52CGU7, STM32WBA52CGU7TR, STM32WBA52KEU6, STM32WBA52KEU6TR, STM32WBA52KGU6, STM32WBA52KGU6TR, STM32WBA54CEU6, STM32WBA54CEU6TR, STM32WBA54CEU7, STM32WBA54CEU7TR, STM32WBA54CGU6, STM32WBA54CGU6TR, STM32WBA54CGU7, STM32WBA54CGU7TR, STM32WBA54KEU6, STM32WBA54KEU6TR, STM32WBA54KEU7, STM32WBA54KEU7TR, STM32WBA54KGU6, STM32WBA54KGU6TR, STM32WBA54KGU7, STM32WBA54KGU7TR, STM32WBA55CEU6, STM32WBA55CEU6TR, STM32WBA55CEU7, STM32WBA55CEU7TR, STM32WBA55CGU6, STM32WBA55CGU6TR, STM32WBA55CGU6U, STM32WBA55CGU7, STM32WBA55CGU7TR, STM32WBA55G-DK1, STM32WBA55HEF6, STM32WBA55HEF7, STM32WBA55HGF6, STM32WBA55HGF7, STM32WBA55UEI6, STM32WBA55UEI6TR, STM32WBA55UEI7, STM32WBA55UEI7TR, STM32WBA55UGI6, STM32WBA55UGI6TR, STM32WBA55UGI7, STM32WBA55UGI7TR, STM32WL5MOCH6, STM32WL5MOCH6TR]
2024-04-09 18:20:45,141 [INFO] DbMcus:218 - Found 4094 MCUs, 4094 are supported
2024-04-09 18:20:45,142 [INFO] ApiDb:423 - Load user favorites file C:\Users\ryfu2/.stm32cubeide/favorites.mcus.txt: 0 item(s)
2024-04-09 18:20:45,143 [INFO] ApiDb:427 - User favorites MCUs=[]
2024-04-09 18:20:45,144 [INFO] DbMcus:224 - Set 0 / 0 favorites MCUs
2024-04-09 18:20:45,313 [INFO] ApiDb:423 - Load user favorites file C:\Users\ryfu2/.stm32cubeide/favorites.boards.txt: 0 item(s)
2024-04-09 18:20:45,313 [INFO] ApiDb:427 - User favorites Boards=[]
2024-04-09 18:20:45,314 [INFO] DbBoards:198 - Set 0 / 0 favorites Boards
2024-04-09 18:20:45,315 [INFO] McuFinderGlobals:76 - Set McuFinderConnectedMode to true
2024-04-09 18:20:45,321 [INFO] MultiScanPanel:200 - Auto-refresh data requested => check proxy status ongoing
2024-04-09 18:20:45,323 [INFO] FinderPluginLoader:95 - Searching for filters in installed packs
2024-04-09 18:20:45,325 [INFO] FinderPluginLoader:108 - Found C:\Users\ryfu2\STM32Cube\Repository\Packs\STMicroelectronics\X-CUBE-AI\8.1.0\CubeMX\plugins\ip\ai.8.1.0.jar
2024-04-09 18:20:45,326 [INFO] FinderPluginLoader:118 - Loading ai.8.1.0
2024-04-09 18:20:45,339 [INFO] McuExtendedFiltersManager:95 - Add MCU extended filter: Artificial Intelligence
2024-04-09 18:20:45,844 [INFO] AInterface:109 - AInterface using toolDir: C:/Users/ryfu2/STM32Cube/Repository//Packs/STMicroelectronics/X-CUBE-AI/8.1.0/Utilities/windows
2024-04-09 18:20:46,228 [INFO] LoadUrlFilesThread:185 - End of LoadServerUrlFiles without Thread
2024-04-09 18:20:46,238 [INFO] DetailPanel:341 - Set advertising image to C:/Users/ryfu2/STM32Cube/Repository/\en.prom-stm32wl3-mcu-finder.jpg
2024-04-09 18:20:54,104 [INFO] MultiScanPanel:200 - Auto-refresh data requested => check proxy status ongoing
2024-04-09 18:20:54,233 [INFO] LoadUrlFilesThread:185 - End of LoadServerUrlFiles without Thread
2024-04-09 18:20:54,234 [INFO] DetailPanel:341 - Set advertising image to C:/Users/ryfu2/STM32Cube/Repository/\en.prom-stm32wl3-mcu-finder.jpg
2024-04-09 18:20:54,243 [INFO] DbBoards:642 - Loading board mini-images...
2024-04-09 18:20:55,962 [INFO] DbBoards:665 - Loaded 199 board mini-images
2024-04-09 18:21:18,743 [INFO] MainUpdater:2873 - connection check result : 10
2024-04-09 18:21:18,744 [INFO] MainUpdater:2873 - connection check result : 10
2024-04-09 18:21:20,930 [INFO] MicroXplorer:468 - Change Database Path : 
2024-04-09 18:21:20,931 [INFO] MicroXplorer:498 - Change Database Version : DB.6.0.110
2024-04-09 18:21:20,936 [WARN] ThirdParty:871 - waiting for thirdparty lock release [close project]
2024-04-09 18:21:20,937 [INFO] ThirdParty:873 - entering critical section [close project]
2024-04-09 18:21:20,938 [INFO] ThirdParty:883 - exiting critical section [close project]
2024-04-09 18:21:20,941 [INFO] PinOutPanel:1561 - setPackage(No Configuration,No Configuration)
2024-04-09 18:21:20,944 [INFO] UtilMem:75 - Begin LoadConfig() Used Memory: 669751152 Bytes (998244352)
2024-04-09 18:21:20,947 [INFO] MicroXplorer:468 - Change Database Path : 
2024-04-09 18:21:20,948 [INFO] MicroXplorer:498 - Change Database Version : DB.6.0.110
2024-04-09 18:21:20,949 [INFO] OpenFileManager:312 - Change cursor
2024-04-09 18:21:20,976 [INFO] Mcu:2021 - Initializing MCU STM32H743VITx STM32H743VITx STM32H743VIT6
2024-04-09 18:21:24,394 [INFO] Context:663 - Trying to add GPIOservice into a context  which must be forbidden
2024-04-09 18:21:25,625 [INFO] ImportTextPane:194 - (OptionalMessage_ERROR) Unable to find key (Mcu.ThirdPartyNb) in loaded IOC file
2024-04-09 18:21:25,627 [INFO] ImportTextPane:194 - (OptionalMessage_ERROR) Unable to find key (Mcu.PinsNb) in loaded IOC file
2024-04-09 18:21:25,627 [INFO] ImportTextPane:194 - (OptionalMessage_ERROR) Unable to find key (Mcu.IPNb) in loaded IOC file
2024-04-09 18:21:25,707 [INFO] RtosManager:555 - Registered RTOS mode: class=CMSIS, group=RTOS, mode=CMSIS_V1, owner=FREERTOS
2024-04-09 18:21:25,708 [INFO] RtosManager:555 - Registered RTOS mode: class=CMSIS, group=RTOS2, mode=CMSIS_V2, owner=FREERTOS
2024-04-09 18:21:25,710 [INFO] RtosManager:555 - Registered RTOS mode: class=RTOS, group=Core, mode=CMSIS_V1, owner=FREERTOS
2024-04-09 18:21:25,712 [INFO] RtosManager:555 - Registered RTOS mode: class=RTOS, group=Core, mode=CMSIS_V2, owner=FREERTOS
2024-04-09 18:21:25,713 [WARN] ModelIntegratedComponent:184 - Missing modes for component STMicroelectronics:FreeRTOS:0.0.1:STMicroelectronics:RTOS:FreeRTOS:Core:::10.2.0:
2024-04-09 18:21:25,725 [WARN] ModelIntegratedComponent:63 - No mode defined for component null
2024-04-09 18:21:25,726 [WARN] ModelIntegratedComponent:63 - No mode defined for component null
2024-04-09 18:21:25,727 [WARN] ModelIntegratedComponent:63 - No mode defined for component null
2024-04-09 18:21:25,728 [WARN] ModelIntegratedComponent:63 - No mode defined for component null
2024-04-09 18:21:25,730 [WARN] ModelIntegratedComponent:63 - No mode defined for component null
2024-04-09 18:21:25,731 [WARN] ModelIntegratedComponent:63 - No mode defined for component null
2024-04-09 18:21:25,732 [WARN] ModelIntegratedComponent:63 - No mode defined for component null
2024-04-09 18:21:25,733 [WARN] ModelIntegratedComponent:63 - No mode defined for component null
2024-04-09 18:21:25,736 [WARN] ModelIntegratedComponent:63 - No mode defined for component null
2024-04-09 18:21:25,737 [WARN] ModelIntegratedComponent:63 - No mode defined for component null
2024-04-09 18:21:25,739 [WARN] ModelIntegratedComponent:63 - No mode defined for component null
2024-04-09 18:21:25,740 [WARN] ModelIntegratedComponent:63 - No mode defined for component null
2024-04-09 18:21:25,741 [WARN] ModelIntegratedComponent:63 - No mode defined for component null
2024-04-09 18:21:25,742 [WARN] ModelIntegratedComponent:63 - No mode defined for component null
2024-04-09 18:21:25,744 [WARN] ModelIntegratedComponent:63 - No mode defined for component null
2024-04-09 18:21:25,745 [WARN] ModelIntegratedComponent:63 - No mode defined for component null
2024-04-09 18:21:25,746 [WARN] ModelIntegratedComponent:63 - No mode defined for component null
2024-04-09 18:21:25,747 [WARN] ModelIntegratedComponent:63 - No mode defined for component null
2024-04-09 18:21:25,748 [WARN] ModelIntegratedComponent:63 - No mode defined for component null
2024-04-09 18:21:25,750 [WARN] ModelIntegratedComponent:63 - No mode defined for component null
2024-04-09 18:21:25,751 [WARN] ModelIntegratedComponent:63 - No mode defined for component null
2024-04-09 18:21:25,752 [WARN] ModelIntegratedComponent:63 - No mode defined for component null
2024-04-09 18:21:25,753 [WARN] ModelIntegratedComponent:63 - No mode defined for component null
2024-04-09 18:21:25,756 [WARN] ModelIntegratedComponent:63 - No mode defined for component null
2024-04-09 18:21:25,757 [WARN] ModelIntegratedComponent:63 - No mode defined for component null
2024-04-09 18:21:25,758 [WARN] ModelIntegratedComponent:63 - No mode defined for component null
2024-04-09 18:21:25,759 [WARN] ModelIntegratedComponent:63 - No mode defined for component null
2024-04-09 18:21:25,760 [WARN] ModelIntegratedComponent:63 - No mode defined for component null
2024-04-09 18:21:25,762 [WARN] ModelIntegratedComponent:63 - No mode defined for component null
2024-04-09 18:21:25,764 [WARN] ModelIntegratedComponent:63 - No mode defined for component null
2024-04-09 18:21:25,765 [WARN] ModelIntegratedComponent:63 - No mode defined for component null
2024-04-09 18:21:25,766 [WARN] ModelIntegratedComponent:63 - No mode defined for component null
2024-04-09 18:21:25,767 [WARN] ModelIntegratedComponent:63 - No mode defined for component null
2024-04-09 18:21:25,768 [WARN] ModelIntegratedComponent:63 - No mode defined for component null
2024-04-09 18:21:25,836 [INFO] ThirdPartyModel:298 - Start build external matchings
2024-04-09 18:21:26,115 [INFO] ThirdPartyModel:316 - End build external matchings
2024-04-09 18:21:26,712 [INFO] UtilMem:75 - End LoadConfig() Used Memory: 923499272 Bytes (1073741824)
2024-04-09 18:21:26,734 [WARN] ThirdParty:833 - waiting for thirdparty lock release [change project]
2024-04-09 18:21:26,735 [INFO] ThirdParty:835 - entering critical section [change project]
2024-04-09 18:21:26,736 [INFO] ThirdParty:1030 - CMSIS Pack Vendor :STMicroelectronics USBPD 4.1
2024-04-09 18:21:26,737 [INFO] ThirdParty:1030 - CMSIS Pack Vendor :STMicroelectronics X-CUBE-GNSS1 6.0.0
2024-04-09 18:21:26,738 [INFO] ThirdParty:1030 - CMSIS Pack Vendor :STMicroelectronics USB_HOST 2.0.0
2024-04-09 18:21:26,738 [INFO] ThirdParty:1030 - CMSIS Pack Vendor :STMicroelectronics X-CUBE-AZRTOS-F4 1.1.0
2024-04-09 18:21:26,739 [INFO] ThirdParty:1030 - CMSIS Pack Vendor :STMicroelectronics LIBJPEG 8.0.0
2024-04-09 18:21:26,740 [INFO] ThirdParty:1030 - CMSIS Pack Vendor :STMicroelectronics X-CUBE-SMBUS 2.1.0
2024-04-09 18:21:26,740 [INFO] ThirdParty:1030 - CMSIS Pack Vendor :STMicroelectronics USB_DEVICE 3.0.0
2024-04-09 18:21:26,742 [INFO] ThirdParty:1030 - CMSIS Pack Vendor :STMicroelectronics X-CUBE-TCPP 4.1.0
2024-04-09 18:21:26,743 [INFO] ThirdParty:1030 - CMSIS Pack Vendor :STMicroelectronics X-CUBE-AZRTOS-WB 2.0.0
2024-04-09 18:21:26,744 [INFO] ThirdParty:1030 - CMSIS Pack Vendor :wolfSSL I-CUBE-wolfSSL 5.6.6
2024-04-09 18:21:26,745 [INFO] ThirdParty:1030 - CMSIS Pack Vendor :STMicroelectronics X-CUBE-TOUCHGFX 4.23.0
2024-04-09 18:21:26,745 [INFO] ThirdParty:1030 - CMSIS Pack Vendor :STMicroelectronics X-CUBE-TOUCHGFX 4.23.2
2024-04-09 18:21:26,746 [INFO] ThirdParty:1030 - CMSIS Pack Vendor :STMicroelectronics X-CUBE-AZRTOS-F7 1.1.0
2024-04-09 18:21:26,746 [INFO] ThirdParty:1030 - CMSIS Pack Vendor :STMicroelectronics X-CUBE-AZRTOS-L5 2.0.0
2024-04-09 18:21:26,747 [INFO] ThirdParty:1030 - CMSIS Pack Vendor :STMicroelectronics USB_DEVICE 2.0.0
2024-04-09 18:21:26,748 [INFO] ThirdParty:1030 - CMSIS Pack Vendor :STMicroelectronics X-CUBE-EEPRMA1 4.2.0
2024-04-09 18:21:26,749 [INFO] ThirdParty:1030 - CMSIS Pack Vendor :STMicroelectronics X-CUBE-NFC6 3.1.0
2024-04-09 18:21:26,750 [INFO] ThirdParty:1030 - CMSIS Pack Vendor :ITTIA_DB I-CUBE-ITTIADB 8.8.0
2024-04-09 18:21:26,750 [INFO] ThirdParty:1030 - CMSIS Pack Vendor :STMicroelectronics FP-SNS-MOTENV1 4.3.2
2024-04-09 18:21:26,751 [INFO] ThirdParty:1030 - CMSIS Pack Vendor :STMicroelectronics X-CUBE-ALGOBUILD 1.3.0
2024-04-09 18:21:26,752 [INFO] ThirdParty:1030 - CMSIS Pack Vendor :STMicroelectronics FreeRTOS 0.0.1
2024-04-09 18:21:26,752 [INFO] ThirdParty:1030 - CMSIS Pack Vendor :STMicroelectronics X-CUBE-AZRTOS-G0 1.1.0
2024-04-09 18:21:26,753 [INFO] ThirdParty:1030 - CMSIS Pack Vendor :STMicroelectronics X-CUBE-SAFEA1 1.2.2
2024-04-09 18:21:26,753 [INFO] ThirdParty:1030 - CMSIS Pack Vendor :STMicroelectronics X-CUBE-NFC4 3.0.0
2024-04-09 18:21:26,756 [INFO] ThirdParty:1030 - CMSIS Pack Vendor :STMicroelectronics X-CUBE-SUBG2 5.0.0
2024-04-09 18:21:26,756 [INFO] ThirdParty:1030 - CMSIS Pack Vendor :STMicroelectronics STM32_WPAN 1.0.0
2024-04-09 18:21:26,757 [INFO] ThirdParty:1030 - CMSIS Pack Vendor :STMicroelectronics lwIP 2.0.3
2024-04-09 18:21:26,757 [INFO] ThirdParty:1030 - CMSIS Pack Vendor :STMicroelectronics FP-SNS-FLIGHT1 5.0.2
2024-04-09 18:21:26,758 [INFO] ThirdParty:1030 - CMSIS Pack Vendor :STMicroelectronics USB_HOST 1.0.0
2024-04-09 18:21:26,759 [INFO] ThirdParty:1030 - CMSIS Pack Vendor :STMicroelectronics X-CUBE-AZRTOS-G4 2.0.0
2024-04-09 18:21:26,759 [INFO] ThirdParty:1030 - CMSIS Pack Vendor :STMicroelectronics PDM2PCM 3.1.0
2024-04-09 18:21:26,760 [INFO] ThirdParty:1030 - CMSIS Pack Vendor :Infineon AIROC-Wi-Fi-Bluetooth-STM32 1.5.1
2024-04-09 18:21:26,761 [INFO] ThirdParty:1030 - CMSIS Pack Vendor :STMicroelectronics X-CUBE-BLEMGR 3.0.0
2024-04-09 18:21:26,761 [INFO] ThirdParty:1030 - CMSIS Pack Vendor :STMicroelectronics PDM2PCM 3.3.0
2024-04-09 18:21:26,762 [INFO] ThirdParty:1030 - CMSIS Pack Vendor :STMicroelectronics X-CUBE-DISPLAY 3.0.0
2024-04-09 18:21:26,762 [INFO] ThirdParty:1030 - CMSIS Pack Vendor :wolfSSL I-CUBE-wolfSSL 5.7.0
2024-04-09 18:21:26,763 [INFO] ThirdParty:1030 - CMSIS Pack Vendor :STMicroelectronics FP-SNS-MOTENVWB1 1.3.1
2024-04-09 18:21:26,763 [INFO] ThirdParty:1030 - CMSIS Pack Vendor :STMicroelectronics X-CUBE-BLE1 7.0.0
2024-04-09 18:21:26,764 [INFO] ThirdParty:1030 - CMSIS Pack Vendor :STMicroelectronics FP-ATR-SIGFOX1 3.2.0
2024-04-09 18:21:26,764 [INFO] ThirdParty:1030 - CMSIS Pack Vendor :STMicroelectronics X-CUBE-ISPU 2.0.0
2024-04-09 18:21:26,765 [INFO] ThirdParty:1030 - CMSIS Pack Vendor :STMicroelectronics X-CUBE-EEPRMA1 5.1.0
2024-04-09 18:21:26,766 [INFO] ThirdParty:1030 - CMSIS Pack Vendor :STMicroelectronics HAL Drivers 0.0.0
2024-04-09 18:21:26,768 [INFO] ThirdParty:1030 - CMSIS Pack Vendor :STMicroelectronics MBEDTLS 2.16.2
2024-04-09 18:21:26,768 [INFO] ThirdParty:1030 - CMSIS Pack Vendor :emotas I-CUBE-CANOPEN 1.3.0
2024-04-09 18:21:26,769 [INFO] ThirdParty:1030 - CMSIS Pack Vendor :STMicroelectronics X-CUBE-MEMS1 10.0.0
2024-04-09 18:21:26,769 [INFO] ThirdParty:1030 - CMSIS Pack Vendor :STMicroelectronics X-CUBE-FREERTOS 1.1.0
2024-04-09 18:21:26,770 [INFO] ThirdParty:1030 - CMSIS Pack Vendor :STMicroelectronics X-CUBE-NFC7 1.0.1
2024-04-09 18:21:26,771 [INFO] ThirdParty:1030 - CMSIS Pack Vendor :STMicroelectronics MBEDTLS 2.14.1
2024-04-09 18:21:26,771 [INFO] ThirdParty:1030 - CMSIS Pack Vendor :ITTIA_DB I-CUBE-ITTIADB 8.9.0
2024-04-09 18:21:26,772 [INFO] ThirdParty:1030 - CMSIS Pack Vendor :STMicroelectronics X-CUBE-NFC6 3.0.0
2024-04-09 18:21:26,772 [INFO] ThirdParty:1030 - CMSIS Pack Vendor :portGmbH I-Cube-SoM-uGOAL 1.1.0
2024-04-09 18:21:26,773 [INFO] ThirdParty:1030 - CMSIS Pack Vendor :STMicroelectronics X-CUBE-ALS 1.0.1
2024-04-09 18:21:26,773 [INFO] ThirdParty:1030 - CMSIS Pack Vendor :STMicroelectronics X-CUBE-BLEMGR 3.1.0
2024-04-09 18:21:26,774 [INFO] ThirdParty:1030 - CMSIS Pack Vendor :STMicroelectronics ThreadX 1.0.0
2024-04-09 18:21:26,775 [INFO] ThirdParty:1030 - CMSIS Pack Vendor :STMicroelectronics FP-SNS-SMARTAG2 1.2.0
2024-04-09 18:21:26,775 [INFO] ThirdParty:1030 - CMSIS Pack Vendor :STMicroelectronics X-CUBE-AZRTOS-WL 2.0.0
2024-04-09 18:21:26,776 [INFO] ThirdParty:1030 - CMSIS Pack Vendor :SEGGER I-CUBE-embOS 1.3.1
2024-04-09 18:21:26,778 [INFO] ThirdParty:1030 - CMSIS Pack Vendor :STMicroelectronics FP-SNS-MOTENV1 5.0.0
2024-04-09 18:21:26,778 [INFO] ThirdParty:1030 - CMSIS Pack Vendor :STMicroelectronics USB_DEVICE 1.0.0
2024-04-09 18:21:26,778 [INFO] ThirdParty:1030 - CMSIS Pack Vendor :STMicroelectronics X-CUBE-AI 8.1.0
2024-04-09 18:21:26,779 [INFO] ThirdParty:1030 - CMSIS Pack Vendor :STMicroelectronics X-CUBE-AZRTOS-L4 2.0.0
2024-04-09 18:21:26,780 [INFO] ThirdParty:1030 - CMSIS Pack Vendor :STMicroelectronics ThreadX 0.0.2
2024-04-09 18:21:26,781 [INFO] ThirdParty:1030 - CMSIS Pack Vendor :WES I-CUBE-Cesium 1.3.0
2024-04-09 18:21:26,782 [INFO] ThirdParty:1030 - CMSIS Pack Vendor :STMicroelectronics FP-ATR-ASTRA1 2.0.0
2024-04-09 18:21:26,782 [INFO] ThirdParty:1030 - CMSIS Pack Vendor :STMicroelectronics lwIP 2.1.2
2024-04-09 18:21:26,783 [INFO] ThirdParty:1030 - CMSIS Pack Vendor :STMicroelectronics X-CUBE-SFXS2LP1 4.0.0
2024-04-09 18:21:26,784 [INFO] ThirdParty:1030 - CMSIS Pack Vendor :STMicroelectronics X-CUBE-BLE2 3.3.0
2024-04-09 18:21:26,784 [INFO] ThirdParty:1030 - CMSIS Pack Vendor :STMicroelectronics X-CUBE-TOF1 3.4.0
2024-04-09 18:21:26,785 [INFO] ThirdParty:1030 - CMSIS Pack Vendor :STMicroelectronics X-CUBE-TOF1 3.4.1
2024-04-09 18:21:26,787 [INFO] ThirdParty:1030 - CMSIS Pack Vendor :STMicroelectronics X-CUBE-AZRTOS-H7 3.2.0
2024-04-09 18:21:26,788 [INFO] ThirdParty:1030 - CMSIS Pack Vendor :Infineon AIROC-Wi-Fi-Bluetooth-STM32 1.6.0
2024-04-09 18:21:26,790 [INFO] ThirdParty:1030 - CMSIS Pack Vendor :STMicroelectronics PDM2PCM 3.2.0
2024-04-09 18:21:26,791 [INFO] ThirdParty:841 - exiting critical section [change project]
2024-04-09 18:21:27,175 [INFO] PinOutPanel:1561 - setPackage(No Configuration,No Configuration)
2024-04-09 18:21:27,178 [INFO] PinOutPanel:1561 - setPackage(STM32H743VITx,LQFP100)
2024-04-09 18:21:27,867 [INFO] UtilMem:75 - Before build in PCC Used Memory: 925944864 Bytes (1073741824)
2024-04-09 18:21:28,812 [INFO] UtilMem:75 - After build in PCC Used Memory: 797873320 Bytes (1073741824)
2024-04-09 18:21:28,858 [INFO] IPUIPlugin:80 - create IPUIPlugin
2024-04-09 18:21:28,859 [INFO] IPUIPlugin:80 - create IPUIPlugin
2024-04-09 18:21:28,861 [INFO] IPUIPlugin:80 - create IPUIPlugin
2024-04-09 18:21:28,863 [INFO] IPUIPlugin:80 - create IPUIPlugin
2024-04-09 18:21:28,865 [INFO] IPUIPlugin:80 - create IPUIPlugin
2024-04-09 18:21:28,866 [INFO] IPUIPlugin:80 - create IPUIPlugin
2024-04-09 18:21:28,870 [INFO] IPUIPlugin:80 - create IPUIPlugin
2024-04-09 18:21:28,872 [INFO] IPUIPlugin:80 - create IPUIPlugin
2024-04-09 18:21:28,875 [INFO] IPUIPlugin:80 - create IPUIPlugin
2024-04-09 18:21:28,877 [INFO] IPUIPlugin:80 - create IPUIPlugin
2024-04-09 18:21:28,878 [INFO] IPUIPlugin:80 - create IPUIPlugin
2024-04-09 18:21:28,879 [INFO] IPUIPlugin:80 - create IPUIPlugin
2024-04-09 18:21:28,880 [INFO] IPUIPlugin:80 - create IPUIPlugin
2024-04-09 18:21:28,881 [INFO] IPUIPlugin:80 - create IPUIPlugin
2024-04-09 18:21:28,882 [INFO] IPUIPlugin:80 - create IPUIPlugin
2024-04-09 18:21:28,883 [INFO] IPUIPlugin:80 - create IPUIPlugin
2024-04-09 18:21:28,884 [INFO] IPUIPlugin:80 - create IPUIPlugin
2024-04-09 18:21:28,885 [INFO] IPUIPlugin:80 - create IPUIPlugin
2024-04-09 18:21:28,886 [INFO] IPUIPlugin:80 - create IPUIPlugin
2024-04-09 18:21:28,887 [INFO] IPUIPlugin:80 - create IPUIPlugin
2024-04-09 18:21:28,889 [INFO] IPUIPlugin:80 - create IPUIPlugin
2024-04-09 18:21:28,890 [INFO] IPUIPlugin:80 - create IPUIPlugin
2024-04-09 18:21:28,891 [INFO] IPUIPlugin:80 - create IPUIPlugin
2024-04-09 18:21:28,893 [INFO] IPUIPlugin:80 - create IPUIPlugin
2024-04-09 18:21:28,893 [INFO] IPUIPlugin:80 - create IPUIPlugin
2024-04-09 18:21:28,894 [INFO] IPUIPlugin:80 - create IPUIPlugin
2024-04-09 18:21:28,895 [INFO] IPUIPlugin:80 - create IPUIPlugin
2024-04-09 18:21:28,896 [INFO] IPUIPlugin:80 - create IPUIPlugin
2024-04-09 18:21:28,896 [INFO] IPUIPlugin:80 - create IPUIPlugin
2024-04-09 18:21:28,897 [INFO] IPUIPlugin:80 - create IPUIPlugin
2024-04-09 18:21:28,898 [INFO] IPUIPlugin:80 - create IPUIPlugin
2024-04-09 18:21:28,900 [INFO] IPUIPlugin:80 - create IPUIPlugin
2024-04-09 18:21:28,902 [INFO] IPUIPlugin:80 - create IPUIPlugin
2024-04-09 18:21:28,904 [INFO] IPUIPlugin:80 - create IPUIPlugin
2024-04-09 18:21:28,905 [INFO] IPUIPlugin:80 - create IPUIPlugin
2024-04-09 18:21:28,907 [INFO] IPUIPlugin:80 - create IPUIPlugin
2024-04-09 18:21:28,908 [INFO] IPUIPlugin:80 - create IPUIPlugin
2024-04-09 18:21:28,911 [INFO] IPUIPlugin:80 - create IPUIPlugin
2024-04-09 18:21:28,913 [INFO] IPUIPlugin:80 - create IPUIPlugin
2024-04-09 18:21:28,914 [INFO] IPUIPlugin:80 - create IPUIPlugin
2024-04-09 18:21:28,915 [INFO] IPUIPlugin:80 - create IPUIPlugin
2024-04-09 18:21:28,917 [INFO] IPUIPlugin:80 - create IPUIPlugin
2024-04-09 18:21:28,918 [INFO] IPUIPlugin:80 - create IPUIPlugin
2024-04-09 18:21:28,919 [INFO] IPUIPlugin:80 - create IPUIPlugin
2024-04-09 18:21:28,921 [INFO] IPUIPlugin:80 - create IPUIPlugin
2024-04-09 18:21:28,924 [INFO] IPUIPlugin:80 - create IPUIPlugin
2024-04-09 18:21:28,925 [INFO] IPUIPlugin:80 - create IPUIPlugin
2024-04-09 18:21:28,927 [INFO] IPUIPlugin:80 - create IPUIPlugin
2024-04-09 18:21:28,929 [INFO] IPUIPlugin:80 - create IPUIPlugin
2024-04-09 18:21:28,930 [INFO] IPUIPlugin:80 - create IPUIPlugin
2024-04-09 18:21:28,931 [INFO] IPUIPlugin:80 - create IPUIPlugin
2024-04-09 18:21:28,932 [INFO] IPUIPlugin:80 - create IPUIPlugin
2024-04-09 18:21:28,933 [INFO] IPUIPlugin:80 - create IPUIPlugin
2024-04-09 18:21:28,934 [INFO] IPUIPlugin:80 - create IPUIPlugin
2024-04-09 18:21:28,935 [INFO] IPUIPlugin:80 - create IPUIPlugin
2024-04-09 18:21:28,936 [INFO] IPUIPlugin:80 - create IPUIPlugin
2024-04-09 18:21:28,937 [INFO] IPUIPlugin:80 - create IPUIPlugin
2024-04-09 18:21:28,938 [INFO] IPUIPlugin:80 - create IPUIPlugin
2024-04-09 18:21:28,939 [INFO] IPUIPlugin:80 - create IPUIPlugin
2024-04-09 18:21:28,940 [INFO] IPUIPlugin:80 - create IPUIPlugin
2024-04-09 18:21:28,941 [INFO] IPUIPlugin:80 - create IPUIPlugin
2024-04-09 18:21:28,941 [INFO] IPUIPlugin:80 - create IPUIPlugin
2024-04-09 18:21:28,942 [INFO] IPUIPlugin:80 - create IPUIPlugin
2024-04-09 18:21:28,943 [INFO] IPUIPlugin:80 - create IPUIPlugin
2024-04-09 18:21:28,944 [INFO] IPUIPlugin:80 - create IPUIPlugin
2024-04-09 18:21:28,946 [INFO] IPUIPlugin:80 - create IPUIPlugin
2024-04-09 18:21:28,947 [INFO] IPUIPlugin:80 - create IPUIPlugin
2024-04-09 18:21:28,948 [INFO] IPUIPlugin:80 - create IPUIPlugin
2024-04-09 18:21:28,948 [INFO] IPUIPlugin:80 - create IPUIPlugin
2024-04-09 18:21:28,950 [INFO] IPUIPlugin:80 - create IPUIPlugin
2024-04-09 18:21:28,951 [INFO] IPUIPlugin:80 - create IPUIPlugin
2024-04-09 18:21:28,952 [INFO] IPUIPlugin:80 - create IPUIPlugin
2024-04-09 18:21:28,953 [INFO] IPUIPlugin:80 - create IPUIPlugin
2024-04-09 18:21:28,954 [INFO] IPUIPlugin:80 - create IPUIPlugin
2024-04-09 18:21:28,956 [INFO] IPUIPlugin:80 - create IPUIPlugin
2024-04-09 18:21:28,957 [INFO] IPUIPlugin:80 - create IPUIPlugin
2024-04-09 18:21:28,958 [INFO] IPUIPlugin:80 - create IPUIPlugin
2024-04-09 18:21:28,959 [INFO] IPUIPlugin:80 - create IPUIPlugin
2024-04-09 18:21:28,959 [INFO] IPUIPlugin:80 - create IPUIPlugin
2024-04-09 18:21:28,960 [INFO] IPUIPlugin:80 - create IPUIPlugin
2024-04-09 18:21:28,962 [INFO] IPUIPlugin:80 - create IPUIPlugin
2024-04-09 18:21:28,962 [INFO] IPUIPlugin:80 - create IPUIPlugin
2024-04-09 18:21:28,963 [INFO] IPUIPlugin:80 - create IPUIPlugin
2024-04-09 18:21:28,964 [INFO] IPUIPlugin:80 - create IPUIPlugin
2024-04-09 18:21:28,965 [INFO] IPUIPlugin:80 - create IPUIPlugin
2024-04-09 18:21:28,966 [INFO] IPUIPlugin:80 - create IPUIPlugin
2024-04-09 18:21:28,967 [INFO] IPUIPlugin:80 - create IPUIPlugin
2024-04-09 18:21:28,968 [INFO] IPUIPlugin:80 - create IPUIPlugin
2024-04-09 18:21:28,969 [INFO] IPUIPlugin:80 - create IPUIPlugin
2024-04-09 18:21:28,970 [INFO] IPUIPlugin:80 - create IPUIPlugin
2024-04-09 18:21:28,971 [INFO] IPUIPlugin:80 - create IPUIPlugin
2024-04-09 18:21:28,973 [INFO] IPUIPlugin:80 - create IPUIPlugin
2024-04-09 18:21:28,974 [INFO] IPUIPlugin:80 - create IPUIPlugin
2024-04-09 18:21:28,975 [INFO] IPUIPlugin:80 - create IPUIPlugin
2024-04-09 18:21:28,976 [INFO] IPUIPlugin:80 - create IPUIPlugin
2024-04-09 18:21:28,977 [INFO] IPUIPlugin:80 - create IPUIPlugin
2024-04-09 18:21:29,191 [INFO] ApiDbMcu:508 - Load IP Config File for PDM2PCM
2024-04-09 18:21:29,457 [INFO] CADModel:165 - CPN selected for project levelSTM32H743VIT6
2024-04-09 18:21:29,458 [INFO] CADModel:114 - Register for checkConnection events
2024-04-09 18:21:29,510 [INFO] OpenFileManager:343 - Restore cursor
2024-04-09 18:21:30,238 [INFO] UtilMem:75 - End SaveConfig() Used Memory: 743517056 Bytes (1073741824)
2024-04-09 18:21:33,655 [INFO] UtilMem:75 - End SaveConfig() Used Memory: 775784880 Bytes (1073741824)
2024-04-09 18:21:37,751 [INFO] BlockDiagram:2759 - set Specific Code input for plugin: RCC
2024-04-09 18:21:37,752 [INFO] BlockDiagram:2759 - set Specific Code input for plugin: NVIC
2024-04-09 18:21:37,753 [INFO] BlockDiagram:2759 - set Specific Code input for plugin: CORTEX_M7
2024-04-09 18:21:37,765 [INFO] CodeGenerator:807 - code generatio: config db path: C:\ST\STM32CubeIDE_1.13.1\STM32CubeIDE\plugins\com.st.stm32cube.common.mx_6.11.0.202403141607\\db\
2024-04-09 18:21:37,982 [INFO] CodeEngine:255 - oldGeneratedFile, U:\ECE395-Poker-Card-Classifier-Device\CardClassifier\CardClassifier\MXTmpFiles\license.tmp_save
2024-04-09 18:21:38,371 [INFO] CodeEngine:279 - Generated code: U:\ECE395-Poker-Card-Classifier-Device\CardClassifier\CardClassifier\MXTmpFiles\license.tmp
2024-04-09 18:21:38,529 [INFO] CodeEngine:255 - oldGeneratedFile, U:\ECE395-Poker-Card-Classifier-Device\CardClassifier\CardClassifier\MXTmpFiles\cortex.tmp_save
2024-04-09 18:21:38,684 [INFO] CodeEngine:279 - Generated code: U:\ECE395-Poker-Card-Classifier-Device\CardClassifier\CardClassifier\MXTmpFiles\cortex.tmp
2024-04-09 18:21:38,788 [INFO] CodeEngine:255 - oldGeneratedFile, U:\ECE395-Poker-Card-Classifier-Device\CardClassifier\CardClassifier\Core\Src\stm32h7xx_it.c_save
2024-04-09 18:21:39,045 [INFO] CodeEngine:279 - Generated code: U:\ECE395-Poker-Card-Classifier-Device\CardClassifier\CardClassifier\Core\Src\stm32h7xx_it.c
2024-04-09 18:21:39,098 [INFO] CodeEngine:255 - oldGeneratedFile, U:\ECE395-Poker-Card-Classifier-Device\CardClassifier\CardClassifier\Core\Inc\stm32h7xx_it.h_save
2024-04-09 18:21:39,240 [INFO] CodeEngine:279 - Generated code: U:\ECE395-Poker-Card-Classifier-Device\CardClassifier\CardClassifier\Core\Inc\stm32h7xx_it.h
2024-04-09 18:21:39,408 [INFO] CodeEngine:255 - oldGeneratedFile, U:\ECE395-Poker-Card-Classifier-Device\CardClassifier\CardClassifier\Core\Src\stm32h7xx_hal_msp.c_save
2024-04-09 18:21:39,614 [INFO] CodeEngine:279 - Generated code: U:\ECE395-Poker-Card-Classifier-Device\CardClassifier\CardClassifier\Core\Src\stm32h7xx_hal_msp.c
2024-04-09 18:21:39,662 [INFO] CodeEngine:255 - oldGeneratedFile, U:\ECE395-Poker-Card-Classifier-Device\CardClassifier\CardClassifier\MXTmpFiles\system.tmp_save
2024-04-09 18:21:39,760 [INFO] CodeEngine:279 - Generated code: U:\ECE395-Poker-Card-Classifier-Device\CardClassifier\CardClassifier\MXTmpFiles\system.tmp
2024-04-09 18:21:39,858 [INFO] CodeEngine:311 - oldGeneratedFile, U:\ECE395-Poker-Card-Classifier-Device\CardClassifier\CardClassifier\Core\Inc\stm32h7xx_hal_conf.h_save
2024-04-09 18:21:40,014 [INFO] CodeEngine:335 - Generated code: U:\ECE395-Poker-Card-Classifier-Device\CardClassifier\CardClassifier\Core\Inc\stm32h7xx_hal_conf.h
2024-04-09 18:21:40,188 [INFO] CodeEngine:255 - oldGeneratedFile, U:\ECE395-Poker-Card-Classifier-Device\CardClassifier\CardClassifier\Core\Inc\main.h_save
2024-04-09 18:21:40,355 [INFO] CodeEngine:279 - Generated code: U:\ECE395-Poker-Card-Classifier-Device\CardClassifier\CardClassifier\Core\Inc\main.h
2024-04-09 18:21:40,406 [INFO] CodeEngine:255 - oldGeneratedFile, U:\ECE395-Poker-Card-Classifier-Device\CardClassifier\CardClassifier\Core\Src\main.c_save
2024-04-09 18:21:40,591 [INFO] CodeEngine:279 - Generated code: U:\ECE395-Poker-Card-Classifier-Device\CardClassifier\CardClassifier\Core\Src\main.c
2024-04-09 18:21:42,248 [INFO] ProjectBuilder:3163 - Time for Copy HAL[1] : 1403mS.
2024-04-09 18:21:42,265 [INFO] ProjectBuilder:4736 - Project Generator version: 4.3.0-B58
2024-04-09 18:21:42,317 [INFO] ConfigFileManager:1503 - The Die is : DIE450
2024-04-09 18:21:42,324 [INFO] ApiDbMcu:508 - Load IP Config File for FATFS
2024-04-09 18:21:42,328 [INFO] ApiDbMcu:508 - Load IP Config File for FREERTOS
2024-04-09 18:21:42,331 [INFO] ApiDbMcu:508 - Load IP Config File for LIBJPEG
2024-04-09 18:21:42,336 [INFO] ApiDbMcu:508 - Load IP Config File for LWIP
2024-04-09 18:21:42,347 [INFO] ApiDbMcu:508 - Load IP Config File for MBEDTLS
2024-04-09 18:21:42,353 [INFO] ApiDbMcu:508 - Load IP Config File for USB_DEVICE
2024-04-09 18:21:42,356 [INFO] ApiDbMcu:508 - Load IP Config File for USB_HOST
2024-04-09 18:21:42,663 [INFO] LogOutputStream:77 - [STDOUT_REDIRECT] 
2024-04-09 18:21:45,447 [INFO] ProjectBuilder:5002 - Time for Generating toolchain IDE Files: 3181mS.
2024-04-09 18:21:45,477 [INFO] ProjectBuilder:3034 - Time for Copy CMSIS : 29mS.
2024-04-09 18:21:45,485 [INFO] ProjectBuilder:3034 - Time for Copy CMSIS : 0mS.
2024-04-09 18:21:46,158 [INFO] McuFinderGlobals:76 - Set McuFinderConnectedMode to true
2024-04-09 18:21:46,163 [INFO] ApiDb:448 - Save user favorites file C:\Users\ryfu2/.stm32cubeide/favorites.mcus.txt: 0 item(s)
2024-04-09 18:21:46,164 [INFO] ApiDb:452 - User favorites MCUs=[]
2024-04-09 18:21:46,167 [INFO] ApiDb:448 - Save user favorites file C:\Users\ryfu2/.stm32cubeide/favorites.boards.txt: 0 item(s)
2024-04-09 18:21:46,168 [INFO] ApiDb:452 - User favorites Boards=[]
2024-04-09 18:23:23,186 [INFO] I2cTimingTraitement:330 - 0x10707DBC
2024-04-09 18:23:53,773 [INFO] I2cTimingTraitement:330 - 0x10707DBC
2024-04-09 18:23:53,952 [INFO] I2cTimingTraitement:330 - 0x10707DBC
2024-04-09 18:23:58,125 [INFO] I2cTimingTraitement:330 - 0x10707DBC
2024-04-09 18:23:58,295 [INFO] I2cTimingTraitement:330 - 0x10707DBC
2024-04-09 18:24:21,853 [INFO] I2cTimingTraitement:330 - 0x10707DBC
2024-04-09 18:24:49,863 [INFO] NvicIntPanel:101 - NVIC parent = com.st.microxplorer.plugins.ip.nvic.MultiNvicIntPanel[,0,0,477x266,layout=javax.swing.BoxLayout,alignmentX=0.0,alignmentY=0.0,border=,flags=9,maximumSize=,minimumSize=,preferredSize=]
2024-04-09 18:25:13,744 [INFO] UtilMem:75 - End SaveConfig() Used Memory: 829183480 Bytes (1073741824)
2024-04-09 18:25:20,007 [INFO] UtilMem:75 - End SaveConfig() Used Memory: 918317184 Bytes (1073741824)
2024-04-09 18:25:27,242 [INFO] UtilMem:75 - End SaveConfig() Used Memory: 754178464 Bytes (1073741824)
2024-04-09 18:25:30,538 [INFO] ProjectBuilder:2313 - IP not ready for code generation: Clock
2024-04-09 18:26:22,317 [ERROR] LogOutputStream:75 - [STDERR_REDIRECT] Exception in thread "AWT-EventQueue-0" java.lang.ClassCastException: class sun.awt.windows.WEmbeddedFrame cannot be cast to class javax.swing.JFrame (sun.awt.windows.WEmbeddedFrame and javax.swing.JFrame are in module java.desktop of loader 'bootstrap')
2024-04-09 18:26:22,319 [ERROR] LogOutputStream:75 - [STDERR_REDIRECT] 	at com.st.microxplorer.plugins.clock.ClockConfigurationView.activatePlugin(ClockConfigurationView.java:425)
2024-04-09 18:26:22,320 [ERROR] LogOutputStream:75 - [STDERR_REDIRECT] 	at com.st.microxplorer.maingui.MainPanel$1.stateChanged(MainPanel.java:369)
2024-04-09 18:26:22,322 [ERROR] LogOutputStream:75 - [STDERR_REDIRECT] 	at java.desktop/javax.swing.JTabbedPane.fireStateChanged(JTabbedPane.java:444)
2024-04-09 18:26:22,323 [ERROR] LogOutputStream:75 - [STDERR_REDIRECT] 	at java.desktop/javax.swing.JTabbedPane$ModelListener.stateChanged(JTabbedPane.java:295)
2024-04-09 18:26:22,324 [ERROR] LogOutputStream:75 - [STDERR_REDIRECT] 	at java.desktop/javax.swing.DefaultSingleSelectionModel.fireStateChanged(DefaultSingleSelectionModel.java:148)
2024-04-09 18:26:22,326 [ERROR] LogOutputStream:75 - [STDERR_REDIRECT] 	at java.desktop/javax.swing.DefaultSingleSelectionModel.setSelectedIndex(DefaultSingleSelectionModel.java:79)
2024-04-09 18:26:22,327 [ERROR] LogOutputStream:75 - [STDERR_REDIRECT] 	at java.desktop/javax.swing.JTabbedPane.setSelectedIndexImpl(JTabbedPane.java:648)
2024-04-09 18:26:22,330 [ERROR] LogOutputStream:75 - [STDERR_REDIRECT] 	at java.desktop/javax.swing.JTabbedPane.setSelectedIndex(JTabbedPane.java:623)
2024-04-09 18:26:22,331 [ERROR] LogOutputStream:75 - [STDERR_REDIRECT] 	at java.desktop/javax.swing.plaf.basic.BasicTabbedPaneUI$Handler.mousePressed(BasicTabbedPaneUI.java:4101)
2024-04-09 18:26:22,332 [ERROR] LogOutputStream:75 - [STDERR_REDIRECT] 	at java.desktop/java.awt.Component.processMouseEvent(Component.java:6623)
2024-04-09 18:26:22,334 [ERROR] LogOutputStream:75 - [STDERR_REDIRECT] 	at java.desktop/javax.swing.JComponent.processMouseEvent(JComponent.java:3389)
2024-04-09 18:26:22,334 [ERROR] LogOutputStream:75 - [STDERR_REDIRECT] 	at java.desktop/java.awt.Component.processEvent(Component.java:6391)
2024-04-09 18:26:22,335 [ERROR] LogOutputStream:75 - [STDERR_REDIRECT] 	at java.desktop/java.awt.Container.processEvent(Container.java:2266)
2024-04-09 18:26:22,336 [ERROR] LogOutputStream:75 - [STDERR_REDIRECT] 	at java.desktop/java.awt.Component.dispatchEventImpl(Component.java:5001)
2024-04-09 18:26:22,338 [ERROR] LogOutputStream:75 - [STDERR_REDIRECT] 	at java.desktop/java.awt.Container.dispatchEventImpl(Container.java:2324)
2024-04-09 18:26:22,339 [ERROR] LogOutputStream:75 - [STDERR_REDIRECT] 	at java.desktop/java.awt.Component.dispatchEvent(Component.java:4833)
2024-04-09 18:26:22,340 [ERROR] LogOutputStream:75 - [STDERR_REDIRECT] 	at java.desktop/java.awt.LightweightDispatcher.retargetMouseEvent(Container.java:4948)
2024-04-09 18:26:22,342 [ERROR] LogOutputStream:75 - [STDERR_REDIRECT] 	at java.desktop/java.awt.LightweightDispatcher.processMouseEvent(Container.java:4572)
2024-04-09 18:26:22,344 [ERROR] LogOutputStream:75 - [STDERR_REDIRECT] 	at java.desktop/java.awt.LightweightDispatcher.dispatchEvent(Container.java:4516)
2024-04-09 18:26:22,345 [ERROR] LogOutputStream:75 - [STDERR_REDIRECT] 	at java.desktop/java.awt.Container.dispatchEventImpl(Container.java:2310)
2024-04-09 18:26:22,346 [ERROR] LogOutputStream:75 - [STDERR_REDIRECT] 	at java.desktop/java.awt.Component.dispatchEvent(Component.java:4833)
2024-04-09 18:26:22,347 [ERROR] LogOutputStream:75 - [STDERR_REDIRECT] 	at java.desktop/java.awt.EventQueue.dispatchEventImpl(EventQueue.java:775)
2024-04-09 18:26:22,348 [ERROR] LogOutputStream:75 - [STDERR_REDIRECT] 	at java.desktop/java.awt.EventQueue$4.run(EventQueue.java:720)
2024-04-09 18:26:22,349 [ERROR] LogOutputStream:75 - [STDERR_REDIRECT] 	at java.desktop/java.awt.EventQueue$4.run(EventQueue.java:714)
2024-04-09 18:26:22,350 [ERROR] LogOutputStream:75 - [STDERR_REDIRECT] 	at java.base/java.security.AccessController.doPrivileged(AccessController.java:399)
2024-04-09 18:26:22,352 [ERROR] LogOutputStream:75 - [STDERR_REDIRECT] 	at java.base/java.security.ProtectionDomain$JavaSecurityAccessImpl.doIntersectionPrivilege(ProtectionDomain.java:86)
2024-04-09 18:26:22,353 [ERROR] LogOutputStream:75 - [STDERR_REDIRECT] 	at java.base/java.security.ProtectionDomain$JavaSecurityAccessImpl.doIntersectionPrivilege(ProtectionDomain.java:97)
2024-04-09 18:26:22,354 [ERROR] LogOutputStream:75 - [STDERR_REDIRECT] 	at java.desktop/java.awt.EventQueue$5.run(EventQueue.java:747)
2024-04-09 18:26:22,355 [ERROR] LogOutputStream:75 - [STDERR_REDIRECT] 	at java.desktop/java.awt.EventQueue$5.run(EventQueue.java:745)
2024-04-09 18:26:22,356 [ERROR] LogOutputStream:75 - [STDERR_REDIRECT] 	at java.base/java.security.AccessController.doPrivileged(AccessController.java:399)
2024-04-09 18:26:22,358 [ERROR] LogOutputStream:75 - [STDERR_REDIRECT] 	at java.base/java.security.ProtectionDomain$JavaSecurityAccessImpl.doIntersectionPrivilege(ProtectionDomain.java:86)
2024-04-09 18:26:22,359 [ERROR] LogOutputStream:75 - [STDERR_REDIRECT] 	at java.desktop/java.awt.EventQueue.dispatchEvent(EventQueue.java:744)
2024-04-09 18:26:22,361 [ERROR] LogOutputStream:75 - [STDERR_REDIRECT] 	at java.desktop/java.awt.EventDispatchThread.pumpOneEventForFilters(EventDispatchThread.java:203)
2024-04-09 18:26:22,362 [ERROR] LogOutputStream:75 - [STDERR_REDIRECT] 	at java.desktop/java.awt.EventDispatchThread.pumpEventsForFilter(EventDispatchThread.java:124)
2024-04-09 18:26:22,363 [ERROR] LogOutputStream:75 - [STDERR_REDIRECT] 	at java.desktop/java.awt.EventDispatchThread.pumpEventsForHierarchy(EventDispatchThread.java:113)
2024-04-09 18:26:22,365 [ERROR] LogOutputStream:75 - [STDERR_REDIRECT] 	at java.desktop/java.awt.EventDispatchThread.pumpEvents(EventDispatchThread.java:109)
2024-04-09 18:26:22,366 [ERROR] LogOutputStream:75 - [STDERR_REDIRECT] 	at java.desktop/java.awt.EventDispatchThread.pumpEvents(EventDispatchThread.java:101)
2024-04-09 18:26:22,367 [ERROR] LogOutputStream:75 - [STDERR_REDIRECT] 	at java.desktop/java.awt.EventDispatchThread.run(EventDispatchThread.java:90)
2024-04-09 18:26:34,231 [INFO] I2cTimingTraitement:330 - 0x00707CBB
2024-04-09 18:26:34,323 [INFO] I2cTimingTraitement:330 - 0x00707CBB
2024-04-09 18:26:34,469 [INFO] I2cTimingTraitement:330 - 0x00707CBB
2024-04-09 18:26:38,752 [INFO] UtilMem:75 - End SaveConfig() Used Memory: 736594016 Bytes (1073741824)
2024-04-09 18:26:41,949 [INFO] UtilMem:75 - End SaveConfig() Used Memory: 765429856 Bytes (1073741824)
2024-04-09 18:26:45,455 [INFO] UtilMem:75 - End SaveConfig() Used Memory: 807912888 Bytes (1073741824)
2024-04-09 18:26:50,425 [INFO] BlockDiagram:2759 - set Specific Code input for plugin: SYS
2024-04-09 18:26:50,426 [INFO] BlockDiagram:2759 - set Specific Code input for plugin: RCC
2024-04-09 18:26:50,426 [INFO] BlockDiagram:2759 - set Specific Code input for plugin: I2C
2024-04-09 18:26:50,427 [INFO] BlockDiagram:2759 - set Specific Code input for plugin: NVIC
2024-04-09 18:26:50,428 [INFO] BlockDiagram:2759 - set Specific Code input for plugin: CORTEX_M7
2024-04-09 18:26:50,429 [INFO] BlockDiagram:2759 - set Specific Code input for plugin: GPIO
2024-04-09 18:26:50,441 [INFO] CodeGenerator:807 - code generatio: config db path: C:\ST\STM32CubeIDE_1.13.1\STM32CubeIDE\plugins\com.st.stm32cube.common.mx_6.11.0.202403141607\\db\
2024-04-09 18:26:50,557 [INFO] CodeEngine:255 - oldGeneratedFile, U:\ECE395-Poker-Card-Classifier-Device\CardClassifier\CardClassifier\MXTmpFiles\license.tmp_save
2024-04-09 18:26:50,680 [INFO] CodeEngine:279 - Generated code: U:\ECE395-Poker-Card-Classifier-Device\CardClassifier\CardClassifier\MXTmpFiles\license.tmp
2024-04-09 18:26:50,794 [INFO] CodeEngine:255 - oldGeneratedFile, U:\ECE395-Poker-Card-Classifier-Device\CardClassifier\CardClassifier\MXTmpFiles\gpio.tmp_save
2024-04-09 18:26:50,921 [INFO] CodeEngine:279 - Generated code: U:\ECE395-Poker-Card-Classifier-Device\CardClassifier\CardClassifier\MXTmpFiles\gpio.tmp
2024-04-09 18:26:51,059 [INFO] CodeEngine:255 - oldGeneratedFile, U:\ECE395-Poker-Card-Classifier-Device\CardClassifier\CardClassifier\MXTmpFiles\cortex.tmp_save
2024-04-09 18:26:51,163 [INFO] CodeEngine:279 - Generated code: U:\ECE395-Poker-Card-Classifier-Device\CardClassifier\CardClassifier\MXTmpFiles\cortex.tmp
2024-04-09 18:26:51,277 [INFO] CodeEngine:255 - oldGeneratedFile, U:\ECE395-Poker-Card-Classifier-Device\CardClassifier\CardClassifier\Core\Src\stm32h7xx_it.c_save
2024-04-09 18:26:51,435 [INFO] CodeEngine:279 - Generated code: U:\ECE395-Poker-Card-Classifier-Device\CardClassifier\CardClassifier\Core\Src\stm32h7xx_it.c
2024-04-09 18:26:51,509 [INFO] CodeEngine:255 - oldGeneratedFile, U:\ECE395-Poker-Card-Classifier-Device\CardClassifier\CardClassifier\Core\Inc\stm32h7xx_it.h_save
2024-04-09 18:26:51,639 [INFO] CodeEngine:279 - Generated code: U:\ECE395-Poker-Card-Classifier-Device\CardClassifier\CardClassifier\Core\Inc\stm32h7xx_it.h
2024-04-09 18:26:51,791 [INFO] CodeEngine:255 - oldGeneratedFile, U:\ECE395-Poker-Card-Classifier-Device\CardClassifier\CardClassifier\Core\Src\stm32h7xx_hal_msp.c_save
2024-04-09 18:26:52,007 [INFO] CodeEngine:279 - Generated code: U:\ECE395-Poker-Card-Classifier-Device\CardClassifier\CardClassifier\Core\Src\stm32h7xx_hal_msp.c
2024-04-09 18:26:52,077 [INFO] CodeEngine:255 - oldGeneratedFile, U:\ECE395-Poker-Card-Classifier-Device\CardClassifier\CardClassifier\MXTmpFiles\system.tmp_save
2024-04-09 18:26:52,172 [INFO] CodeEngine:279 - Generated code: U:\ECE395-Poker-Card-Classifier-Device\CardClassifier\CardClassifier\MXTmpFiles\system.tmp
2024-04-09 18:26:52,282 [INFO] CodeEngine:311 - oldGeneratedFile, U:\ECE395-Poker-Card-Classifier-Device\CardClassifier\CardClassifier\Core\Inc\stm32h7xx_hal_conf.h_save
2024-04-09 18:26:52,432 [INFO] CodeEngine:335 - Generated code: U:\ECE395-Poker-Card-Classifier-Device\CardClassifier\CardClassifier\Core\Inc\stm32h7xx_hal_conf.h
2024-04-09 18:26:52,622 [INFO] CodeEngine:255 - oldGeneratedFile, U:\ECE395-Poker-Card-Classifier-Device\CardClassifier\CardClassifier\Core\Inc\main.h_save
2024-04-09 18:26:52,778 [INFO] CodeEngine:279 - Generated code: U:\ECE395-Poker-Card-Classifier-Device\CardClassifier\CardClassifier\Core\Inc\main.h
2024-04-09 18:26:52,849 [INFO] CodeEngine:255 - oldGeneratedFile, U:\ECE395-Poker-Card-Classifier-Device\CardClassifier\CardClassifier\Core\Src\main.c_save
2024-04-09 18:26:53,077 [INFO] CodeEngine:279 - Generated code: U:\ECE395-Poker-Card-Classifier-Device\CardClassifier\CardClassifier\Core\Src\main.c
2024-04-09 18:26:56,262 [INFO] ProjectBuilder:3163 - Time for Copy HAL[1] : 2969mS.
2024-04-09 18:26:56,272 [INFO] ProjectBuilder:4736 - Project Generator version: 4.3.0-B58
2024-04-09 18:26:56,319 [INFO] ConfigFileManager:1503 - The Die is : DIE450
2024-04-09 18:26:57,501 [INFO] ProjectBuilder:5002 - Time for Generating toolchain IDE Files: 1228mS.
2024-04-09 18:26:57,522 [INFO] ProjectBuilder:3034 - Time for Copy CMSIS : 20mS.
2024-04-09 18:26:57,541 [INFO] ProjectBuilder:3034 - Time for Copy CMSIS : 0mS.
2024-04-09 18:30:44,252 [INFO] I2cTimingTraitement:330 - 0x00707CBB
2024-04-09 18:30:56,923 [INFO] I2cTimingTraitement:330 - 0x00707CBB
2024-04-09 18:30:57,976 [INFO] UtilMem:75 - End SaveConfig() Used Memory: 856122192 Bytes (1073741824)
2024-04-09 18:31:01,151 [INFO] UtilMem:75 - End SaveConfig() Used Memory: 902596296 Bytes (1073741824)
2024-04-09 18:31:04,677 [INFO] UtilMem:75 - End SaveConfig() Used Memory: 419150128 Bytes (1073741824)
2024-04-09 18:31:09,947 [INFO] BlockDiagram:2759 - set Specific Code input for plugin: SYS
2024-04-09 18:31:09,948 [INFO] BlockDiagram:2759 - set Specific Code input for plugin: RCC
2024-04-09 18:31:09,948 [INFO] BlockDiagram:2759 - set Specific Code input for plugin: I2C
2024-04-09 18:31:09,949 [INFO] BlockDiagram:2759 - set Specific Code input for plugin: NVIC
2024-04-09 18:31:09,949 [INFO] BlockDiagram:2759 - set Specific Code input for plugin: CORTEX_M7
2024-04-09 18:31:09,950 [INFO] BlockDiagram:2759 - set Specific Code input for plugin: GPIO
2024-04-09 18:31:09,960 [INFO] CodeGenerator:807 - code generatio: config db path: C:\ST\STM32CubeIDE_1.13.1\STM32CubeIDE\plugins\com.st.stm32cube.common.mx_6.11.0.202403141607\\db\
2024-04-09 18:31:10,063 [INFO] CodeEngine:255 - oldGeneratedFile, U:\ECE395-Poker-Card-Classifier-Device\CardClassifier\CardClassifier\MXTmpFiles\license.tmp_save
2024-04-09 18:31:10,175 [INFO] CodeEngine:279 - Generated code: U:\ECE395-Poker-Card-Classifier-Device\CardClassifier\CardClassifier\MXTmpFiles\license.tmp
2024-04-09 18:31:10,280 [INFO] CodeEngine:255 - oldGeneratedFile, U:\ECE395-Poker-Card-Classifier-Device\CardClassifier\CardClassifier\MXTmpFiles\gpio.tmp_save
2024-04-09 18:31:10,380 [INFO] CodeEngine:279 - Generated code: U:\ECE395-Poker-Card-Classifier-Device\CardClassifier\CardClassifier\MXTmpFiles\gpio.tmp
2024-04-09 18:31:10,496 [INFO] CodeEngine:255 - oldGeneratedFile, U:\ECE395-Poker-Card-Classifier-Device\CardClassifier\CardClassifier\MXTmpFiles\cortex.tmp_save
2024-04-09 18:31:10,592 [INFO] CodeEngine:279 - Generated code: U:\ECE395-Poker-Card-Classifier-Device\CardClassifier\CardClassifier\MXTmpFiles\cortex.tmp
2024-04-09 18:31:10,698 [INFO] CodeEngine:255 - oldGeneratedFile, U:\ECE395-Poker-Card-Classifier-Device\CardClassifier\CardClassifier\Core\Src\stm32h7xx_it.c_save
2024-04-09 18:31:10,844 [INFO] CodeEngine:279 - Generated code: U:\ECE395-Poker-Card-Classifier-Device\CardClassifier\CardClassifier\Core\Src\stm32h7xx_it.c
2024-04-09 18:31:10,911 [INFO] CodeEngine:255 - oldGeneratedFile, U:\ECE395-Poker-Card-Classifier-Device\CardClassifier\CardClassifier\Core\Inc\stm32h7xx_it.h_save
2024-04-09 18:31:11,034 [INFO] CodeEngine:279 - Generated code: U:\ECE395-Poker-Card-Classifier-Device\CardClassifier\CardClassifier\Core\Inc\stm32h7xx_it.h
2024-04-09 18:31:11,176 [INFO] CodeEngine:255 - oldGeneratedFile, U:\ECE395-Poker-Card-Classifier-Device\CardClassifier\CardClassifier\Core\Src\stm32h7xx_hal_msp.c_save
2024-04-09 18:31:11,341 [INFO] CodeEngine:279 - Generated code: U:\ECE395-Poker-Card-Classifier-Device\CardClassifier\CardClassifier\Core\Src\stm32h7xx_hal_msp.c
2024-04-09 18:31:11,394 [INFO] CodeEngine:255 - oldGeneratedFile, U:\ECE395-Poker-Card-Classifier-Device\CardClassifier\CardClassifier\MXTmpFiles\system.tmp_save
2024-04-09 18:31:11,490 [INFO] CodeEngine:279 - Generated code: U:\ECE395-Poker-Card-Classifier-Device\CardClassifier\CardClassifier\MXTmpFiles\system.tmp
2024-04-09 18:31:11,599 [INFO] CodeEngine:311 - oldGeneratedFile, U:\ECE395-Poker-Card-Classifier-Device\CardClassifier\CardClassifier\Core\Inc\stm32h7xx_hal_conf.h_save
2024-04-09 18:31:11,741 [INFO] CodeEngine:335 - Generated code: U:\ECE395-Poker-Card-Classifier-Device\CardClassifier\CardClassifier\Core\Inc\stm32h7xx_hal_conf.h
2024-04-09 18:31:11,904 [INFO] CodeEngine:255 - oldGeneratedFile, U:\ECE395-Poker-Card-Classifier-Device\CardClassifier\CardClassifier\Core\Inc\main.h_save
2024-04-09 18:31:12,073 [INFO] CodeEngine:279 - Generated code: U:\ECE395-Poker-Card-Classifier-Device\CardClassifier\CardClassifier\Core\Inc\main.h
2024-04-09 18:31:12,159 [INFO] CodeEngine:255 - oldGeneratedFile, U:\ECE395-Poker-Card-Classifier-Device\CardClassifier\CardClassifier\Core\Src\main.c_save
2024-04-09 18:31:12,376 [INFO] CodeEngine:279 - Generated code: U:\ECE395-Poker-Card-Classifier-Device\CardClassifier\CardClassifier\Core\Src\main.c
2024-04-09 18:31:15,628 [INFO] ProjectBuilder:3163 - Time for Copy HAL[1] : 2965mS.
2024-04-09 18:31:15,635 [INFO] ProjectBuilder:4736 - Project Generator version: 4.3.0-B58
2024-04-09 18:31:15,681 [INFO] ConfigFileManager:1503 - The Die is : DIE450
2024-04-09 18:31:17,062 [INFO] ProjectBuilder:5002 - Time for Generating toolchain IDE Files: 1427mS.
2024-04-09 18:31:17,082 [INFO] ProjectBuilder:3034 - Time for Copy CMSIS : 19mS.
2024-04-09 18:31:17,090 [INFO] ProjectBuilder:3034 - Time for Copy CMSIS : 1mS.
